The system is: Darwin - 21.3.0 - x86_64
Compiling the C compiler identification source file "CMakeCCompilerId.c" succeeded.
Compiler: /Library/Developer/CommandLineTools/usr/bin/cc 
Build flags: 
Id flags: -c 

The output was:
0


Compilation of the C compiler identification source "CMakeCCompilerId.c" produced "CMakeCCompilerId.o"

The C compiler identification is AppleClang, found in "/Users/rgriffith/Documents/Computer Networks/CSE30264-SP22-ComputerNetworks/project2/json-c-build/CMakeFiles/3.22.3/CompilerIdC/CMakeCCompilerId.o"

Detecting C compiler ABI info compiled with the following output:
Change Dir: /Users/rgriffith/Documents/Computer Networks/CSE30264-SP22-ComputerNetworks/project2/json-c-build/CMakeFiles/CMakeTmp

Run Build Command(s):/usr/bin/make -f Makefile cmTC_5c0ef/fast && /Library/Developer/CommandLineTools/usr/bin/make  -f CMakeFiles/cmTC_5c0ef.dir/build.make CMakeFiles/cmTC_5c0ef.dir/build
Building C object CMakeFiles/cmTC_5c0ef.dir/CMakeCCompilerABI.c.o
/Library/Developer/CommandLineTools/usr/bin/cc   -isysroot /Library/Developer/CommandLineTools/SDKs/MacOSX11.1.sdk   -v -Wl,-v -MD -MT CMakeFiles/cmTC_5c0ef.dir/CMakeCCompilerABI.c.o -MF CMakeFiles/cmTC_5c0ef.dir/CMakeCCompilerABI.c.o.d -o CMakeFiles/cmTC_5c0ef.dir/CMakeCCompilerABI.c.o -c /usr/local/Cellar/cmake/3.22.3/share/cmake/Modules/CMakeCCompilerABI.c
Apple clang version 12.0.0 (clang-1200.0.32.29)
Target: x86_64-apple-darwin21.3.0
Thread model: posix
InstalledDir: /Library/Developer/CommandLineTools/usr/bin
clang: warning: -Wl,-v: 'linker' input unused [-Wunused-command-line-argument]
 "/Library/Developer/CommandLineTools/usr/bin/clang" -cc1 -triple x86_64-apple-macosx11.1.0 -Wdeprecated-objc-isa-usage -Werror=deprecated-objc-isa-usage -Werror=implicit-function-declaration -emit-obj -mrelax-all -disable-free -disable-llvm-verifier -discard-value-names -main-file-name CMakeCCompilerABI.c -mrelocation-model pic -pic-level 2 -mthread-model posix -mframe-pointer=all -fno-strict-return -masm-verbose -munwind-tables -target-sdk-version=11.1 -target-cpu penryn -dwarf-column-info -debugger-tuning=lldb -target-linker-version 609.8 -v -resource-dir /Library/Developer/CommandLineTools/usr/lib/clang/12.0.0 -dependency-file CMakeFiles/cmTC_5c0ef.dir/CMakeCCompilerABI.c.o.d -skip-unused-modulemap-deps -MT CMakeFiles/cmTC_5c0ef.dir/CMakeCCompilerABI.c.o -sys-header-deps -isysroot /Library/Developer/CommandLineTools/SDKs/MacOSX11.1.sdk -internal-isystem /Library/Developer/CommandLineTools/SDKs/MacOSX11.1.sdk/usr/local/include -internal-isystem /Library/Developer/CommandLineTools/usr/lib/clang/12.0.0/include -internal-externc-isystem /Library/Developer/CommandLineTools/SDKs/MacOSX11.1.sdk/usr/include -internal-externc-isystem /Library/Developer/CommandLineTools/usr/include -Wno-reorder-init-list -Wno-implicit-int-float-conversion -Wno-c99-designator -Wno-final-dtor-non-final-class -Wno-extra-semi-stmt -Wno-misleading-indentation -Wno-quoted-include-in-framework-header -Wno-implicit-fallthrough -Wno-enum-enum-conversion -Wno-enum-float-conversion -fdebug-compilation-dir "/Users/rgriffith/Documents/Computer Networks/CSE30264-SP22-ComputerNetworks/project2/json-c-build/CMakeFiles/CMakeTmp" -ferror-limit 19 -fmessage-length 0 -stack-protector 1 -fstack-check -mdarwin-stkchk-strong-link -fblocks -fencode-extended-block-signature -fregister-global-dtors-with-atexit -fgnuc-version=4.2.1 -fobjc-runtime=macosx-11.1.0 -fmax-type-align=16 -fdiagnostics-show-option -o CMakeFiles/cmTC_5c0ef.dir/CMakeCCompilerABI.c.o -x c /usr/local/Cellar/cmake/3.22.3/share/cmake/Modules/CMakeCCompilerABI.c
clang -cc1 version 12.0.0 (clang-1200.0.32.29) default target x86_64-apple-darwin21.3.0
ignoring nonexistent directory "/Library/Developer/CommandLineTools/SDKs/MacOSX11.1.sdk/usr/local/include"
ignoring nonexistent directory "/Library/Developer/CommandLineTools/SDKs/MacOSX11.1.sdk/Library/Frameworks"
#include "..." search starts here:
#include <...> search starts here:
 /Library/Developer/CommandLineTools/usr/lib/clang/12.0.0/include
 /Library/Developer/CommandLineTools/SDKs/MacOSX11.1.sdk/usr/include
 /Library/Developer/CommandLineTools/usr/include
 /Library/Developer/CommandLineTools/SDKs/MacOSX11.1.sdk/System/Library/Frameworks (framework directory)
End of search list.
Linking C executable cmTC_5c0ef
/usr/local/Cellar/cmake/3.22.3/bin/cmake -E cmake_link_script CMakeFiles/cmTC_5c0ef.dir/link.txt --verbose=1
/Library/Developer/CommandLineTools/usr/bin/cc  -isysroot /Library/Developer/CommandLineTools/SDKs/MacOSX11.1.sdk -Wl,-search_paths_first -Wl,-headerpad_max_install_names  -v -Wl,-v CMakeFiles/cmTC_5c0ef.dir/CMakeCCompilerABI.c.o -o cmTC_5c0ef 
Apple clang version 12.0.0 (clang-1200.0.32.29)
Target: x86_64-apple-darwin21.3.0
Thread model: posix
InstalledDir: /Library/Developer/CommandLineTools/usr/bin
 "/Library/Developer/CommandLineTools/usr/bin/ld" -demangle -lto_library /Library/Developer/CommandLineTools/usr/lib/libLTO.dylib -dynamic -arch x86_64 -platform_version macos 11.1.0 11.1 -syslibroot /Library/Developer/CommandLineTools/SDKs/MacOSX11.1.sdk -o cmTC_5c0ef -search_paths_first -headerpad_max_install_names -v CMakeFiles/cmTC_5c0ef.dir/CMakeCCompilerABI.c.o -lSystem /Library/Developer/CommandLineTools/usr/lib/clang/12.0.0/lib/darwin/libclang_rt.osx.a
@(#)PROGRAM:ld  PROJECT:ld64-609.8
BUILD 15:07:46 Dec 18 2020
configured to support archs: armv6 armv7 armv7s arm64 arm64e arm64_32 i386 x86_64 x86_64h armv6m armv7k armv7m armv7em
Library search paths:
	/Library/Developer/CommandLineTools/SDKs/MacOSX11.1.sdk/usr/lib
Framework search paths:
	/Library/Developer/CommandLineTools/SDKs/MacOSX11.1.sdk/System/Library/Frameworks/



Parsed C implicit include dir info from above output: rv=done
  found start of include info
  found start of implicit include info
    add: [/Library/Developer/CommandLineTools/usr/lib/clang/12.0.0/include]
    add: [/Library/Developer/CommandLineTools/SDKs/MacOSX11.1.sdk/usr/include]
    add: [/Library/Developer/CommandLineTools/usr/include]
  end of search list found
  collapse include dir [/Library/Developer/CommandLineTools/usr/lib/clang/12.0.0/include] ==> [/Library/Developer/CommandLineTools/usr/lib/clang/12.0.0/include]
  collapse include dir [/Library/Developer/CommandLineTools/SDKs/MacOSX11.1.sdk/usr/include] ==> [/Library/Developer/CommandLineTools/SDKs/MacOSX11.1.sdk/usr/include]
  collapse include dir [/Library/Developer/CommandLineTools/usr/include] ==> [/Library/Developer/CommandLineTools/usr/include]
  implicit include dirs: [/Library/Developer/CommandLineTools/usr/lib/clang/12.0.0/include;/Library/Developer/CommandLineTools/SDKs/MacOSX11.1.sdk/usr/include;/Library/Developer/CommandLineTools/usr/include]


Parsed C implicit link information from above output:
  link line regex: [^( *|.*[/\])(ld|CMAKE_LINK_STARTFILE-NOTFOUND|([^/\]+-)?ld|collect2)[^/\]*( |$)]
  ignore line: [Change Dir: /Users/rgriffith/Documents/Computer Networks/CSE30264-SP22-ComputerNetworks/project2/json-c-build/CMakeFiles/CMakeTmp]
  ignore line: []
  ignore line: [Run Build Command(s):/usr/bin/make -f Makefile cmTC_5c0ef/fast && /Library/Developer/CommandLineTools/usr/bin/make  -f CMakeFiles/cmTC_5c0ef.dir/build.make CMakeFiles/cmTC_5c0ef.dir/build]
  ignore line: [Building C object CMakeFiles/cmTC_5c0ef.dir/CMakeCCompilerABI.c.o]
  ignore line: [/Library/Developer/CommandLineTools/usr/bin/cc   -isysroot /Library/Developer/CommandLineTools/SDKs/MacOSX11.1.sdk   -v -Wl -v -MD -MT CMakeFiles/cmTC_5c0ef.dir/CMakeCCompilerABI.c.o -MF CMakeFiles/cmTC_5c0ef.dir/CMakeCCompilerABI.c.o.d -o CMakeFiles/cmTC_5c0ef.dir/CMakeCCompilerABI.c.o -c /usr/local/Cellar/cmake/3.22.3/share/cmake/Modules/CMakeCCompilerABI.c]
  ignore line: [Apple clang version 12.0.0 (clang-1200.0.32.29)]
  ignore line: [Target: x86_64-apple-darwin21.3.0]
  ignore line: [Thread model: posix]
  ignore line: [InstalledDir: /Library/Developer/CommandLineTools/usr/bin]
  ignore line: [clang: warning: -Wl -v: 'linker' input unused [-Wunused-command-line-argument]]
  ignore line: [ "/Library/Developer/CommandLineTools/usr/bin/clang" -cc1 -triple x86_64-apple-macosx11.1.0 -Wdeprecated-objc-isa-usage -Werror=deprecated-objc-isa-usage -Werror=implicit-function-declaration -emit-obj -mrelax-all -disable-free -disable-llvm-verifier -discard-value-names -main-file-name CMakeCCompilerABI.c -mrelocation-model pic -pic-level 2 -mthread-model posix -mframe-pointer=all -fno-strict-return -masm-verbose -munwind-tables -target-sdk-version=11.1 -target-cpu penryn -dwarf-column-info -debugger-tuning=lldb -target-linker-version 609.8 -v -resource-dir /Library/Developer/CommandLineTools/usr/lib/clang/12.0.0 -dependency-file CMakeFiles/cmTC_5c0ef.dir/CMakeCCompilerABI.c.o.d -skip-unused-modulemap-deps -MT CMakeFiles/cmTC_5c0ef.dir/CMakeCCompilerABI.c.o -sys-header-deps -isysroot /Library/Developer/CommandLineTools/SDKs/MacOSX11.1.sdk -internal-isystem /Library/Developer/CommandLineTools/SDKs/MacOSX11.1.sdk/usr/local/include -internal-isystem /Library/Developer/CommandLineTools/usr/lib/clang/12.0.0/include -internal-externc-isystem /Library/Developer/CommandLineTools/SDKs/MacOSX11.1.sdk/usr/include -internal-externc-isystem /Library/Developer/CommandLineTools/usr/include -Wno-reorder-init-list -Wno-implicit-int-float-conversion -Wno-c99-designator -Wno-final-dtor-non-final-class -Wno-extra-semi-stmt -Wno-misleading-indentation -Wno-quoted-include-in-framework-header -Wno-implicit-fallthrough -Wno-enum-enum-conversion -Wno-enum-float-conversion -fdebug-compilation-dir "/Users/rgriffith/Documents/Computer Networks/CSE30264-SP22-ComputerNetworks/project2/json-c-build/CMakeFiles/CMakeTmp" -ferror-limit 19 -fmessage-length 0 -stack-protector 1 -fstack-check -mdarwin-stkchk-strong-link -fblocks -fencode-extended-block-signature -fregister-global-dtors-with-atexit -fgnuc-version=4.2.1 -fobjc-runtime=macosx-11.1.0 -fmax-type-align=16 -fdiagnostics-show-option -o CMakeFiles/cmTC_5c0ef.dir/CMakeCCompilerABI.c.o -x c /usr/local/Cellar/cmake/3.22.3/share/cmake/Modules/CMakeCCompilerABI.c]
  ignore line: [clang -cc1 version 12.0.0 (clang-1200.0.32.29) default target x86_64-apple-darwin21.3.0]
  ignore line: [ignoring nonexistent directory "/Library/Developer/CommandLineTools/SDKs/MacOSX11.1.sdk/usr/local/include"]
  ignore line: [ignoring nonexistent directory "/Library/Developer/CommandLineTools/SDKs/MacOSX11.1.sdk/Library/Frameworks"]
  ignore line: [#include "..." search starts here:]
  ignore line: [#include <...> search starts here:]
  ignore line: [ /Library/Developer/CommandLineTools/usr/lib/clang/12.0.0/include]
  ignore line: [ /Library/Developer/CommandLineTools/SDKs/MacOSX11.1.sdk/usr/include]
  ignore line: [ /Library/Developer/CommandLineTools/usr/include]
  ignore line: [ /Library/Developer/CommandLineTools/SDKs/MacOSX11.1.sdk/System/Library/Frameworks (framework directory)]
  ignore line: [End of search list.]
  ignore line: [Linking C executable cmTC_5c0ef]
  ignore line: [/usr/local/Cellar/cmake/3.22.3/bin/cmake -E cmake_link_script CMakeFiles/cmTC_5c0ef.dir/link.txt --verbose=1]
  ignore line: [/Library/Developer/CommandLineTools/usr/bin/cc  -isysroot /Library/Developer/CommandLineTools/SDKs/MacOSX11.1.sdk -Wl -search_paths_first -Wl -headerpad_max_install_names  -v -Wl -v CMakeFiles/cmTC_5c0ef.dir/CMakeCCompilerABI.c.o -o cmTC_5c0ef ]
  ignore line: [Apple clang version 12.0.0 (clang-1200.0.32.29)]
  ignore line: [Target: x86_64-apple-darwin21.3.0]
  ignore line: [Thread model: posix]
  ignore line: [InstalledDir: /Library/Developer/CommandLineTools/usr/bin]
  link line: [ "/Library/Developer/CommandLineTools/usr/bin/ld" -demangle -lto_library /Library/Developer/CommandLineTools/usr/lib/libLTO.dylib -dynamic -arch x86_64 -platform_version macos 11.1.0 11.1 -syslibroot /Library/Developer/CommandLineTools/SDKs/MacOSX11.1.sdk -o cmTC_5c0ef -search_paths_first -headerpad_max_install_names -v CMakeFiles/cmTC_5c0ef.dir/CMakeCCompilerABI.c.o -lSystem /Library/Developer/CommandLineTools/usr/lib/clang/12.0.0/lib/darwin/libclang_rt.osx.a]
    arg [/Library/Developer/CommandLineTools/usr/bin/ld] ==> ignore
    arg [-demangle] ==> ignore
    arg [-lto_library] ==> ignore, skip following value
    arg [/Library/Developer/CommandLineTools/usr/lib/libLTO.dylib] ==> skip value of -lto_library
    arg [-dynamic] ==> ignore
    arg [-arch] ==> ignore
    arg [x86_64] ==> ignore
    arg [-platform_version] ==> ignore
    arg [macos] ==> ignore
    arg [11.1.0] ==> ignore
    arg [11.1] ==> ignore
    arg [-syslibroot] ==> ignore
    arg [/Library/Developer/CommandLineTools/SDKs/MacOSX11.1.sdk] ==> ignore
    arg [-o] ==> ignore
    arg [cmTC_5c0ef] ==> ignore
    arg [-search_paths_first] ==> ignore
    arg [-headerpad_max_install_names] ==> ignore
    arg [-v] ==> ignore
    arg [CMakeFiles/cmTC_5c0ef.dir/CMakeCCompilerABI.c.o] ==> ignore
    arg [-lSystem] ==> lib [System]
    arg [/Library/Developer/CommandLineTools/usr/lib/clang/12.0.0/lib/darwin/libclang_rt.osx.a] ==> lib [/Library/Developer/CommandLineTools/usr/lib/clang/12.0.0/lib/darwin/libclang_rt.osx.a]
  Library search paths: [;/Library/Developer/CommandLineTools/SDKs/MacOSX11.1.sdk/usr/lib]
  Framework search paths: [;/Library/Developer/CommandLineTools/SDKs/MacOSX11.1.sdk/System/Library/Frameworks/]
  remove lib [System]
  remove lib [/Library/Developer/CommandLineTools/usr/lib/clang/12.0.0/lib/darwin/libclang_rt.osx.a]
  collapse library dir [/Library/Developer/CommandLineTools/SDKs/MacOSX11.1.sdk/usr/lib] ==> [/Library/Developer/CommandLineTools/SDKs/MacOSX11.1.sdk/usr/lib]
  collapse framework dir [/Library/Developer/CommandLineTools/SDKs/MacOSX11.1.sdk/System/Library/Frameworks/] ==> [/Library/Developer/CommandLineTools/SDKs/MacOSX11.1.sdk/System/Library/Frameworks]
  implicit libs: []
  implicit objs: []
  implicit dirs: [/Library/Developer/CommandLineTools/SDKs/MacOSX11.1.sdk/usr/lib]
  implicit fwks: [/Library/Developer/CommandLineTools/SDKs/MacOSX11.1.sdk/System/Library/Frameworks]


Determining if the include file sys/resource.h exists passed with the following output:
Change Dir: /Users/rgriffith/Documents/Computer Networks/CSE30264-SP22-ComputerNetworks/project2/json-c-build/CMakeFiles/CMakeTmp

Run Build Command(s):/usr/bin/make -f Makefile cmTC_5b83f/fast && /Library/Developer/CommandLineTools/usr/bin/make  -f CMakeFiles/cmTC_5b83f.dir/build.make CMakeFiles/cmTC_5b83f.dir/build
Building C object CMakeFiles/cmTC_5b83f.dir/CheckIncludeFile.c.o
/Library/Developer/CommandLineTools/usr/bin/cc   -isysroot /Library/Developer/CommandLineTools/SDKs/MacOSX11.1.sdk -MD -MT CMakeFiles/cmTC_5b83f.dir/CheckIncludeFile.c.o -MF CMakeFiles/cmTC_5b83f.dir/CheckIncludeFile.c.o.d -o CMakeFiles/cmTC_5b83f.dir/CheckIncludeFile.c.o -c "/Users/rgriffith/Documents/Computer Networks/CSE30264-SP22-ComputerNetworks/project2/json-c-build/CMakeFiles/CMakeTmp/CheckIncludeFile.c"
Linking C executable cmTC_5b83f
/usr/local/Cellar/cmake/3.22.3/bin/cmake -E cmake_link_script CMakeFiles/cmTC_5b83f.dir/link.txt --verbose=1
/Library/Developer/CommandLineTools/usr/bin/cc  -isysroot /Library/Developer/CommandLineTools/SDKs/MacOSX11.1.sdk -Wl,-search_paths_first -Wl,-headerpad_max_install_names CMakeFiles/cmTC_5b83f.dir/CheckIncludeFile.c.o -o cmTC_5b83f 



Determining if the getrusage exist passed with the following output:
Change Dir: /Users/rgriffith/Documents/Computer Networks/CSE30264-SP22-ComputerNetworks/project2/json-c-build/CMakeFiles/CMakeTmp

Run Build Command(s):/usr/bin/make -f Makefile cmTC_c3065/fast && /Library/Developer/CommandLineTools/usr/bin/make  -f CMakeFiles/cmTC_c3065.dir/build.make CMakeFiles/cmTC_c3065.dir/build
Building C object CMakeFiles/cmTC_c3065.dir/CheckSymbolExists.c.o
/Library/Developer/CommandLineTools/usr/bin/cc   -isysroot /Library/Developer/CommandLineTools/SDKs/MacOSX11.1.sdk -MD -MT CMakeFiles/cmTC_c3065.dir/CheckSymbolExists.c.o -MF CMakeFiles/cmTC_c3065.dir/CheckSymbolExists.c.o.d -o CMakeFiles/cmTC_c3065.dir/CheckSymbolExists.c.o -c "/Users/rgriffith/Documents/Computer Networks/CSE30264-SP22-ComputerNetworks/project2/json-c-build/CMakeFiles/CMakeTmp/CheckSymbolExists.c"
Linking C executable cmTC_c3065
/usr/local/Cellar/cmake/3.22.3/bin/cmake -E cmake_link_script CMakeFiles/cmTC_c3065.dir/link.txt --verbose=1
/Library/Developer/CommandLineTools/usr/bin/cc  -isysroot /Library/Developer/CommandLineTools/SDKs/MacOSX11.1.sdk -Wl,-search_paths_first -Wl,-headerpad_max_install_names CMakeFiles/cmTC_c3065.dir/CheckSymbolExists.c.o -o cmTC_c3065 


File /Users/rgriffith/Documents/Computer Networks/CSE30264-SP22-ComputerNetworks/project2/json-c-build/CMakeFiles/CMakeTmp/CheckSymbolExists.c:
/* */
#include <sys/resource.h>

int main(int argc, char** argv)
{
  (void)argv;
#ifndef getrusage
  return ((int*)(&getrusage))[argc];
#else
  (void)argc;
  return 0;
#endif
}
Determining if the include file fcntl.h exists passed with the following output:
Change Dir: /Users/rgriffith/Documents/Computer Networks/CSE30264-SP22-ComputerNetworks/project2/json-c-build/CMakeFiles/CMakeTmp

Run Build Command(s):/usr/bin/make -f Makefile cmTC_c2c32/fast && /Library/Developer/CommandLineTools/usr/bin/make  -f CMakeFiles/cmTC_c2c32.dir/build.make CMakeFiles/cmTC_c2c32.dir/build
Building C object CMakeFiles/cmTC_c2c32.dir/CheckIncludeFile.c.o
/Library/Developer/CommandLineTools/usr/bin/cc -D_GNU_SOURCE  -isysroot /Library/Developer/CommandLineTools/SDKs/MacOSX11.1.sdk -fPIE -MD -MT CMakeFiles/cmTC_c2c32.dir/CheckIncludeFile.c.o -MF CMakeFiles/cmTC_c2c32.dir/CheckIncludeFile.c.o.d -o CMakeFiles/cmTC_c2c32.dir/CheckIncludeFile.c.o -c "/Users/rgriffith/Documents/Computer Networks/CSE30264-SP22-ComputerNetworks/project2/json-c-build/CMakeFiles/CMakeTmp/CheckIncludeFile.c"
Linking C executable cmTC_c2c32
/usr/local/Cellar/cmake/3.22.3/bin/cmake -E cmake_link_script CMakeFiles/cmTC_c2c32.dir/link.txt --verbose=1
/Library/Developer/CommandLineTools/usr/bin/cc  -isysroot /Library/Developer/CommandLineTools/SDKs/MacOSX11.1.sdk -Wl,-search_paths_first -Wl,-headerpad_max_install_names CMakeFiles/cmTC_c2c32.dir/CheckIncludeFile.c.o -o cmTC_c2c32  -lm 



Determining if the include file inttypes.h exists passed with the following output:
Change Dir: /Users/rgriffith/Documents/Computer Networks/CSE30264-SP22-ComputerNetworks/project2/json-c-build/CMakeFiles/CMakeTmp

Run Build Command(s):/usr/bin/make -f Makefile cmTC_31993/fast && /Library/Developer/CommandLineTools/usr/bin/make  -f CMakeFiles/cmTC_31993.dir/build.make CMakeFiles/cmTC_31993.dir/build
Building C object CMakeFiles/cmTC_31993.dir/CheckIncludeFile.c.o
/Library/Developer/CommandLineTools/usr/bin/cc -D_GNU_SOURCE  -isysroot /Library/Developer/CommandLineTools/SDKs/MacOSX11.1.sdk -fPIE -MD -MT CMakeFiles/cmTC_31993.dir/CheckIncludeFile.c.o -MF CMakeFiles/cmTC_31993.dir/CheckIncludeFile.c.o.d -o CMakeFiles/cmTC_31993.dir/CheckIncludeFile.c.o -c "/Users/rgriffith/Documents/Computer Networks/CSE30264-SP22-ComputerNetworks/project2/json-c-build/CMakeFiles/CMakeTmp/CheckIncludeFile.c"
Linking C executable cmTC_31993
/usr/local/Cellar/cmake/3.22.3/bin/cmake -E cmake_link_script CMakeFiles/cmTC_31993.dir/link.txt --verbose=1
/Library/Developer/CommandLineTools/usr/bin/cc  -isysroot /Library/Developer/CommandLineTools/SDKs/MacOSX11.1.sdk -Wl,-search_paths_first -Wl,-headerpad_max_install_names CMakeFiles/cmTC_31993.dir/CheckIncludeFile.c.o -o cmTC_31993  -lm 



Determining if the include file stdarg.h exists passed with the following output:
Change Dir: /Users/rgriffith/Documents/Computer Networks/CSE30264-SP22-ComputerNetworks/project2/json-c-build/CMakeFiles/CMakeTmp

Run Build Command(s):/usr/bin/make -f Makefile cmTC_acdd5/fast && /Library/Developer/CommandLineTools/usr/bin/make  -f CMakeFiles/cmTC_acdd5.dir/build.make CMakeFiles/cmTC_acdd5.dir/build
Building C object CMakeFiles/cmTC_acdd5.dir/CheckIncludeFile.c.o
/Library/Developer/CommandLineTools/usr/bin/cc -D_GNU_SOURCE  -isysroot /Library/Developer/CommandLineTools/SDKs/MacOSX11.1.sdk -fPIE -MD -MT CMakeFiles/cmTC_acdd5.dir/CheckIncludeFile.c.o -MF CMakeFiles/cmTC_acdd5.dir/CheckIncludeFile.c.o.d -o CMakeFiles/cmTC_acdd5.dir/CheckIncludeFile.c.o -c "/Users/rgriffith/Documents/Computer Networks/CSE30264-SP22-ComputerNetworks/project2/json-c-build/CMakeFiles/CMakeTmp/CheckIncludeFile.c"
Linking C executable cmTC_acdd5
/usr/local/Cellar/cmake/3.22.3/bin/cmake -E cmake_link_script CMakeFiles/cmTC_acdd5.dir/link.txt --verbose=1
/Library/Developer/CommandLineTools/usr/bin/cc  -isysroot /Library/Developer/CommandLineTools/SDKs/MacOSX11.1.sdk -Wl,-search_paths_first -Wl,-headerpad_max_install_names CMakeFiles/cmTC_acdd5.dir/CheckIncludeFile.c.o -o cmTC_acdd5  -lm 



Determining if the include file strings.h exists passed with the following output:
Change Dir: /Users/rgriffith/Documents/Computer Networks/CSE30264-SP22-ComputerNetworks/project2/json-c-build/CMakeFiles/CMakeTmp

Run Build Command(s):/usr/bin/make -f Makefile cmTC_5b4ef/fast && /Library/Developer/CommandLineTools/usr/bin/make  -f CMakeFiles/cmTC_5b4ef.dir/build.make CMakeFiles/cmTC_5b4ef.dir/build
Building C object CMakeFiles/cmTC_5b4ef.dir/CheckIncludeFile.c.o
/Library/Developer/CommandLineTools/usr/bin/cc -D_GNU_SOURCE  -isysroot /Library/Developer/CommandLineTools/SDKs/MacOSX11.1.sdk -fPIE -MD -MT CMakeFiles/cmTC_5b4ef.dir/CheckIncludeFile.c.o -MF CMakeFiles/cmTC_5b4ef.dir/CheckIncludeFile.c.o.d -o CMakeFiles/cmTC_5b4ef.dir/CheckIncludeFile.c.o -c "/Users/rgriffith/Documents/Computer Networks/CSE30264-SP22-ComputerNetworks/project2/json-c-build/CMakeFiles/CMakeTmp/CheckIncludeFile.c"
Linking C executable cmTC_5b4ef
/usr/local/Cellar/cmake/3.22.3/bin/cmake -E cmake_link_script CMakeFiles/cmTC_5b4ef.dir/link.txt --verbose=1
/Library/Developer/CommandLineTools/usr/bin/cc  -isysroot /Library/Developer/CommandLineTools/SDKs/MacOSX11.1.sdk -Wl,-search_paths_first -Wl,-headerpad_max_install_names CMakeFiles/cmTC_5b4ef.dir/CheckIncludeFile.c.o -o cmTC_5b4ef  -lm 



Determining if the include file string.h exists passed with the following output:
Change Dir: /Users/rgriffith/Documents/Computer Networks/CSE30264-SP22-ComputerNetworks/project2/json-c-build/CMakeFiles/CMakeTmp

Run Build Command(s):/usr/bin/make -f Makefile cmTC_ff675/fast && /Library/Developer/CommandLineTools/usr/bin/make  -f CMakeFiles/cmTC_ff675.dir/build.make CMakeFiles/cmTC_ff675.dir/build
Building C object CMakeFiles/cmTC_ff675.dir/CheckIncludeFile.c.o
/Library/Developer/CommandLineTools/usr/bin/cc -D_GNU_SOURCE  -isysroot /Library/Developer/CommandLineTools/SDKs/MacOSX11.1.sdk -fPIE -MD -MT CMakeFiles/cmTC_ff675.dir/CheckIncludeFile.c.o -MF CMakeFiles/cmTC_ff675.dir/CheckIncludeFile.c.o.d -o CMakeFiles/cmTC_ff675.dir/CheckIncludeFile.c.o -c "/Users/rgriffith/Documents/Computer Networks/CSE30264-SP22-ComputerNetworks/project2/json-c-build/CMakeFiles/CMakeTmp/CheckIncludeFile.c"
Linking C executable cmTC_ff675
/usr/local/Cellar/cmake/3.22.3/bin/cmake -E cmake_link_script CMakeFiles/cmTC_ff675.dir/link.txt --verbose=1
/Library/Developer/CommandLineTools/usr/bin/cc  -isysroot /Library/Developer/CommandLineTools/SDKs/MacOSX11.1.sdk -Wl,-search_paths_first -Wl,-headerpad_max_install_names CMakeFiles/cmTC_ff675.dir/CheckIncludeFile.c.o -o cmTC_ff675  -lm 



Determining if the include file syslog.h exists passed with the following output:
Change Dir: /Users/rgriffith/Documents/Computer Networks/CSE30264-SP22-ComputerNetworks/project2/json-c-build/CMakeFiles/CMakeTmp

Run Build Command(s):/usr/bin/make -f Makefile cmTC_ce5b8/fast && /Library/Developer/CommandLineTools/usr/bin/make  -f CMakeFiles/cmTC_ce5b8.dir/build.make CMakeFiles/cmTC_ce5b8.dir/build
Building C object CMakeFiles/cmTC_ce5b8.dir/CheckIncludeFile.c.o
/Library/Developer/CommandLineTools/usr/bin/cc -D_GNU_SOURCE  -isysroot /Library/Developer/CommandLineTools/SDKs/MacOSX11.1.sdk -fPIE -MD -MT CMakeFiles/cmTC_ce5b8.dir/CheckIncludeFile.c.o -MF CMakeFiles/cmTC_ce5b8.dir/CheckIncludeFile.c.o.d -o CMakeFiles/cmTC_ce5b8.dir/CheckIncludeFile.c.o -c "/Users/rgriffith/Documents/Computer Networks/CSE30264-SP22-ComputerNetworks/project2/json-c-build/CMakeFiles/CMakeTmp/CheckIncludeFile.c"
Linking C executable cmTC_ce5b8
/usr/local/Cellar/cmake/3.22.3/bin/cmake -E cmake_link_script CMakeFiles/cmTC_ce5b8.dir/link.txt --verbose=1
/Library/Developer/CommandLineTools/usr/bin/cc  -isysroot /Library/Developer/CommandLineTools/SDKs/MacOSX11.1.sdk -Wl,-search_paths_first -Wl,-headerpad_max_install_names CMakeFiles/cmTC_ce5b8.dir/CheckIncludeFile.c.o -o cmTC_ce5b8  -lm 



Determining if files stdlib.h;stdarg.h;string.h;float.h exist passed with the following output:
Change Dir: /Users/rgriffith/Documents/Computer Networks/CSE30264-SP22-ComputerNetworks/project2/json-c-build/CMakeFiles/CMakeTmp

Run Build Command(s):/usr/bin/make -f Makefile cmTC_a3459/fast && /Library/Developer/CommandLineTools/usr/bin/make  -f CMakeFiles/cmTC_a3459.dir/build.make CMakeFiles/cmTC_a3459.dir/build
Building C object CMakeFiles/cmTC_a3459.dir/STDC_HEADERS.c.o
/Library/Developer/CommandLineTools/usr/bin/cc -D_GNU_SOURCE  -isysroot /Library/Developer/CommandLineTools/SDKs/MacOSX11.1.sdk -fPIE -MD -MT CMakeFiles/cmTC_a3459.dir/STDC_HEADERS.c.o -MF CMakeFiles/cmTC_a3459.dir/STDC_HEADERS.c.o.d -o CMakeFiles/cmTC_a3459.dir/STDC_HEADERS.c.o -c "/Users/rgriffith/Documents/Computer Networks/CSE30264-SP22-ComputerNetworks/project2/json-c-build/CMakeFiles/CheckIncludeFiles/STDC_HEADERS.c"
Linking C executable cmTC_a3459
/usr/local/Cellar/cmake/3.22.3/bin/cmake -E cmake_link_script CMakeFiles/cmTC_a3459.dir/link.txt --verbose=1
/Library/Developer/CommandLineTools/usr/bin/cc  -isysroot /Library/Developer/CommandLineTools/SDKs/MacOSX11.1.sdk -Wl,-search_paths_first -Wl,-headerpad_max_install_names CMakeFiles/cmTC_a3459.dir/STDC_HEADERS.c.o -o cmTC_a3459  -lm 



Determining if the include file unistd.h exists passed with the following output:
Change Dir: /Users/rgriffith/Documents/Computer Networks/CSE30264-SP22-ComputerNetworks/project2/json-c-build/CMakeFiles/CMakeTmp

Run Build Command(s):/usr/bin/make -f Makefile cmTC_53f32/fast && /Library/Developer/CommandLineTools/usr/bin/make  -f CMakeFiles/cmTC_53f32.dir/build.make CMakeFiles/cmTC_53f32.dir/build
Building C object CMakeFiles/cmTC_53f32.dir/CheckIncludeFile.c.o
/Library/Developer/CommandLineTools/usr/bin/cc -D_GNU_SOURCE  -isysroot /Library/Developer/CommandLineTools/SDKs/MacOSX11.1.sdk -fPIE -MD -MT CMakeFiles/cmTC_53f32.dir/CheckIncludeFile.c.o -MF CMakeFiles/cmTC_53f32.dir/CheckIncludeFile.c.o.d -o CMakeFiles/cmTC_53f32.dir/CheckIncludeFile.c.o -c "/Users/rgriffith/Documents/Computer Networks/CSE30264-SP22-ComputerNetworks/project2/json-c-build/CMakeFiles/CMakeTmp/CheckIncludeFile.c"
Linking C executable cmTC_53f32
/usr/local/Cellar/cmake/3.22.3/bin/cmake -E cmake_link_script CMakeFiles/cmTC_53f32.dir/link.txt --verbose=1
/Library/Developer/CommandLineTools/usr/bin/cc  -isysroot /Library/Developer/CommandLineTools/SDKs/MacOSX11.1.sdk -Wl,-search_paths_first -Wl,-headerpad_max_install_names CMakeFiles/cmTC_53f32.dir/CheckIncludeFile.c.o -o cmTC_53f32  -lm 



Determining if the include file sys/types.h exists passed with the following output:
Change Dir: /Users/rgriffith/Documents/Computer Networks/CSE30264-SP22-ComputerNetworks/project2/json-c-build/CMakeFiles/CMakeTmp

Run Build Command(s):/usr/bin/make -f Makefile cmTC_9a678/fast && /Library/Developer/CommandLineTools/usr/bin/make  -f CMakeFiles/cmTC_9a678.dir/build.make CMakeFiles/cmTC_9a678.dir/build
Building C object CMakeFiles/cmTC_9a678.dir/CheckIncludeFile.c.o
/Library/Developer/CommandLineTools/usr/bin/cc -D_GNU_SOURCE  -isysroot /Library/Developer/CommandLineTools/SDKs/MacOSX11.1.sdk -fPIE -MD -MT CMakeFiles/cmTC_9a678.dir/CheckIncludeFile.c.o -MF CMakeFiles/cmTC_9a678.dir/CheckIncludeFile.c.o.d -o CMakeFiles/cmTC_9a678.dir/CheckIncludeFile.c.o -c "/Users/rgriffith/Documents/Computer Networks/CSE30264-SP22-ComputerNetworks/project2/json-c-build/CMakeFiles/CMakeTmp/CheckIncludeFile.c"
Linking C executable cmTC_9a678
/usr/local/Cellar/cmake/3.22.3/bin/cmake -E cmake_link_script CMakeFiles/cmTC_9a678.dir/link.txt --verbose=1
/Library/Developer/CommandLineTools/usr/bin/cc  -isysroot /Library/Developer/CommandLineTools/SDKs/MacOSX11.1.sdk -Wl,-search_paths_first -Wl,-headerpad_max_install_names CMakeFiles/cmTC_9a678.dir/CheckIncludeFile.c.o -o cmTC_9a678  -lm 



Determining if the include file dlfcn.h exists passed with the following output:
Change Dir: /Users/rgriffith/Documents/Computer Networks/CSE30264-SP22-ComputerNetworks/project2/json-c-build/CMakeFiles/CMakeTmp

Run Build Command(s):/usr/bin/make -f Makefile cmTC_4f822/fast && /Library/Developer/CommandLineTools/usr/bin/make  -f CMakeFiles/cmTC_4f822.dir/build.make CMakeFiles/cmTC_4f822.dir/build
Building C object CMakeFiles/cmTC_4f822.dir/CheckIncludeFile.c.o
/Library/Developer/CommandLineTools/usr/bin/cc -D_GNU_SOURCE  -isysroot /Library/Developer/CommandLineTools/SDKs/MacOSX11.1.sdk -fPIE -MD -MT CMakeFiles/cmTC_4f822.dir/CheckIncludeFile.c.o -MF CMakeFiles/cmTC_4f822.dir/CheckIncludeFile.c.o.d -o CMakeFiles/cmTC_4f822.dir/CheckIncludeFile.c.o -c "/Users/rgriffith/Documents/Computer Networks/CSE30264-SP22-ComputerNetworks/project2/json-c-build/CMakeFiles/CMakeTmp/CheckIncludeFile.c"
Linking C executable cmTC_4f822
/usr/local/Cellar/cmake/3.22.3/bin/cmake -E cmake_link_script CMakeFiles/cmTC_4f822.dir/link.txt --verbose=1
/Library/Developer/CommandLineTools/usr/bin/cc  -isysroot /Library/Developer/CommandLineTools/SDKs/MacOSX11.1.sdk -Wl,-search_paths_first -Wl,-headerpad_max_install_names CMakeFiles/cmTC_4f822.dir/CheckIncludeFile.c.o -o cmTC_4f822  -lm 



Determining if the include file limits.h exists passed with the following output:
Change Dir: /Users/rgriffith/Documents/Computer Networks/CSE30264-SP22-ComputerNetworks/project2/json-c-build/CMakeFiles/CMakeTmp

Run Build Command(s):/usr/bin/make -f Makefile cmTC_38c13/fast && /Library/Developer/CommandLineTools/usr/bin/make  -f CMakeFiles/cmTC_38c13.dir/build.make CMakeFiles/cmTC_38c13.dir/build
Building C object CMakeFiles/cmTC_38c13.dir/CheckIncludeFile.c.o
/Library/Developer/CommandLineTools/usr/bin/cc -D_GNU_SOURCE  -isysroot /Library/Developer/CommandLineTools/SDKs/MacOSX11.1.sdk -fPIE -MD -MT CMakeFiles/cmTC_38c13.dir/CheckIncludeFile.c.o -MF CMakeFiles/cmTC_38c13.dir/CheckIncludeFile.c.o.d -o CMakeFiles/cmTC_38c13.dir/CheckIncludeFile.c.o -c "/Users/rgriffith/Documents/Computer Networks/CSE30264-SP22-ComputerNetworks/project2/json-c-build/CMakeFiles/CMakeTmp/CheckIncludeFile.c"
Linking C executable cmTC_38c13
/usr/local/Cellar/cmake/3.22.3/bin/cmake -E cmake_link_script CMakeFiles/cmTC_38c13.dir/link.txt --verbose=1
/Library/Developer/CommandLineTools/usr/bin/cc  -isysroot /Library/Developer/CommandLineTools/SDKs/MacOSX11.1.sdk -Wl,-search_paths_first -Wl,-headerpad_max_install_names CMakeFiles/cmTC_38c13.dir/CheckIncludeFile.c.o -o cmTC_38c13  -lm 



Determining if the include file locale.h exists passed with the following output:
Change Dir: /Users/rgriffith/Documents/Computer Networks/CSE30264-SP22-ComputerNetworks/project2/json-c-build/CMakeFiles/CMakeTmp

Run Build Command(s):/usr/bin/make -f Makefile cmTC_f401d/fast && /Library/Developer/CommandLineTools/usr/bin/make  -f CMakeFiles/cmTC_f401d.dir/build.make CMakeFiles/cmTC_f401d.dir/build
Building C object CMakeFiles/cmTC_f401d.dir/CheckIncludeFile.c.o
/Library/Developer/CommandLineTools/usr/bin/cc -D_GNU_SOURCE  -isysroot /Library/Developer/CommandLineTools/SDKs/MacOSX11.1.sdk -fPIE -MD -MT CMakeFiles/cmTC_f401d.dir/CheckIncludeFile.c.o -MF CMakeFiles/cmTC_f401d.dir/CheckIncludeFile.c.o.d -o CMakeFiles/cmTC_f401d.dir/CheckIncludeFile.c.o -c "/Users/rgriffith/Documents/Computer Networks/CSE30264-SP22-ComputerNetworks/project2/json-c-build/CMakeFiles/CMakeTmp/CheckIncludeFile.c"
Linking C executable cmTC_f401d
/usr/local/Cellar/cmake/3.22.3/bin/cmake -E cmake_link_script CMakeFiles/cmTC_f401d.dir/link.txt --verbose=1
/Library/Developer/CommandLineTools/usr/bin/cc  -isysroot /Library/Developer/CommandLineTools/SDKs/MacOSX11.1.sdk -Wl,-search_paths_first -Wl,-headerpad_max_install_names CMakeFiles/cmTC_f401d.dir/CheckIncludeFile.c.o -o cmTC_f401d  -lm 



Determining if the include file memory.h exists passed with the following output:
Change Dir: /Users/rgriffith/Documents/Computer Networks/CSE30264-SP22-ComputerNetworks/project2/json-c-build/CMakeFiles/CMakeTmp

Run Build Command(s):/usr/bin/make -f Makefile cmTC_af7e7/fast && /Library/Developer/CommandLineTools/usr/bin/make  -f CMakeFiles/cmTC_af7e7.dir/build.make CMakeFiles/cmTC_af7e7.dir/build
Building C object CMakeFiles/cmTC_af7e7.dir/CheckIncludeFile.c.o
/Library/Developer/CommandLineTools/usr/bin/cc -D_GNU_SOURCE  -isysroot /Library/Developer/CommandLineTools/SDKs/MacOSX11.1.sdk -fPIE -MD -MT CMakeFiles/cmTC_af7e7.dir/CheckIncludeFile.c.o -MF CMakeFiles/cmTC_af7e7.dir/CheckIncludeFile.c.o.d -o CMakeFiles/cmTC_af7e7.dir/CheckIncludeFile.c.o -c "/Users/rgriffith/Documents/Computer Networks/CSE30264-SP22-ComputerNetworks/project2/json-c-build/CMakeFiles/CMakeTmp/CheckIncludeFile.c"
Linking C executable cmTC_af7e7
/usr/local/Cellar/cmake/3.22.3/bin/cmake -E cmake_link_script CMakeFiles/cmTC_af7e7.dir/link.txt --verbose=1
/Library/Developer/CommandLineTools/usr/bin/cc  -isysroot /Library/Developer/CommandLineTools/SDKs/MacOSX11.1.sdk -Wl,-search_paths_first -Wl,-headerpad_max_install_names CMakeFiles/cmTC_af7e7.dir/CheckIncludeFile.c.o -o cmTC_af7e7  -lm 



Determining if the include file stdint.h exists passed with the following output:
Change Dir: /Users/rgriffith/Documents/Computer Networks/CSE30264-SP22-ComputerNetworks/project2/json-c-build/CMakeFiles/CMakeTmp

Run Build Command(s):/usr/bin/make -f Makefile cmTC_39f4d/fast && /Library/Developer/CommandLineTools/usr/bin/make  -f CMakeFiles/cmTC_39f4d.dir/build.make CMakeFiles/cmTC_39f4d.dir/build
Building C object CMakeFiles/cmTC_39f4d.dir/CheckIncludeFile.c.o
/Library/Developer/CommandLineTools/usr/bin/cc -D_GNU_SOURCE  -isysroot /Library/Developer/CommandLineTools/SDKs/MacOSX11.1.sdk -fPIE -MD -MT CMakeFiles/cmTC_39f4d.dir/CheckIncludeFile.c.o -MF CMakeFiles/cmTC_39f4d.dir/CheckIncludeFile.c.o.d -o CMakeFiles/cmTC_39f4d.dir/CheckIncludeFile.c.o -c "/Users/rgriffith/Documents/Computer Networks/CSE30264-SP22-ComputerNetworks/project2/json-c-build/CMakeFiles/CMakeTmp/CheckIncludeFile.c"
Linking C executable cmTC_39f4d
/usr/local/Cellar/cmake/3.22.3/bin/cmake -E cmake_link_script CMakeFiles/cmTC_39f4d.dir/link.txt --verbose=1
/Library/Developer/CommandLineTools/usr/bin/cc  -isysroot /Library/Developer/CommandLineTools/SDKs/MacOSX11.1.sdk -Wl,-search_paths_first -Wl,-headerpad_max_install_names CMakeFiles/cmTC_39f4d.dir/CheckIncludeFile.c.o -o cmTC_39f4d  -lm 



Determining if the include file stdlib.h exists passed with the following output:
Change Dir: /Users/rgriffith/Documents/Computer Networks/CSE30264-SP22-ComputerNetworks/project2/json-c-build/CMakeFiles/CMakeTmp

Run Build Command(s):/usr/bin/make -f Makefile cmTC_775cc/fast && /Library/Developer/CommandLineTools/usr/bin/make  -f CMakeFiles/cmTC_775cc.dir/build.make CMakeFiles/cmTC_775cc.dir/build
Building C object CMakeFiles/cmTC_775cc.dir/CheckIncludeFile.c.o
/Library/Developer/CommandLineTools/usr/bin/cc -D_GNU_SOURCE  -isysroot /Library/Developer/CommandLineTools/SDKs/MacOSX11.1.sdk -fPIE -MD -MT CMakeFiles/cmTC_775cc.dir/CheckIncludeFile.c.o -MF CMakeFiles/cmTC_775cc.dir/CheckIncludeFile.c.o.d -o CMakeFiles/cmTC_775cc.dir/CheckIncludeFile.c.o -c "/Users/rgriffith/Documents/Computer Networks/CSE30264-SP22-ComputerNetworks/project2/json-c-build/CMakeFiles/CMakeTmp/CheckIncludeFile.c"
Linking C executable cmTC_775cc
/usr/local/Cellar/cmake/3.22.3/bin/cmake -E cmake_link_script CMakeFiles/cmTC_775cc.dir/link.txt --verbose=1
/Library/Developer/CommandLineTools/usr/bin/cc  -isysroot /Library/Developer/CommandLineTools/SDKs/MacOSX11.1.sdk -Wl,-search_paths_first -Wl,-headerpad_max_install_names CMakeFiles/cmTC_775cc.dir/CheckIncludeFile.c.o -o cmTC_775cc  -lm 



Determining if the include file sys/cdefs.h exists passed with the following output:
Change Dir: /Users/rgriffith/Documents/Computer Networks/CSE30264-SP22-ComputerNetworks/project2/json-c-build/CMakeFiles/CMakeTmp

Run Build Command(s):/usr/bin/make -f Makefile cmTC_e0c9e/fast && /Library/Developer/CommandLineTools/usr/bin/make  -f CMakeFiles/cmTC_e0c9e.dir/build.make CMakeFiles/cmTC_e0c9e.dir/build
Building C object CMakeFiles/cmTC_e0c9e.dir/CheckIncludeFile.c.o
/Library/Developer/CommandLineTools/usr/bin/cc -D_GNU_SOURCE  -isysroot /Library/Developer/CommandLineTools/SDKs/MacOSX11.1.sdk -fPIE -MD -MT CMakeFiles/cmTC_e0c9e.dir/CheckIncludeFile.c.o -MF CMakeFiles/cmTC_e0c9e.dir/CheckIncludeFile.c.o.d -o CMakeFiles/cmTC_e0c9e.dir/CheckIncludeFile.c.o -c "/Users/rgriffith/Documents/Computer Networks/CSE30264-SP22-ComputerNetworks/project2/json-c-build/CMakeFiles/CMakeTmp/CheckIncludeFile.c"
Linking C executable cmTC_e0c9e
/usr/local/Cellar/cmake/3.22.3/bin/cmake -E cmake_link_script CMakeFiles/cmTC_e0c9e.dir/link.txt --verbose=1
/Library/Developer/CommandLineTools/usr/bin/cc  -isysroot /Library/Developer/CommandLineTools/SDKs/MacOSX11.1.sdk -Wl,-search_paths_first -Wl,-headerpad_max_install_names CMakeFiles/cmTC_e0c9e.dir/CheckIncludeFile.c.o -o cmTC_e0c9e  -lm 



Determining if the include file sys/param.h exists passed with the following output:
Change Dir: /Users/rgriffith/Documents/Computer Networks/CSE30264-SP22-ComputerNetworks/project2/json-c-build/CMakeFiles/CMakeTmp

Run Build Command(s):/usr/bin/make -f Makefile cmTC_c240a/fast && /Library/Developer/CommandLineTools/usr/bin/make  -f CMakeFiles/cmTC_c240a.dir/build.make CMakeFiles/cmTC_c240a.dir/build
Building C object CMakeFiles/cmTC_c240a.dir/CheckIncludeFile.c.o
/Library/Developer/CommandLineTools/usr/bin/cc -D_GNU_SOURCE  -isysroot /Library/Developer/CommandLineTools/SDKs/MacOSX11.1.sdk -fPIE -MD -MT CMakeFiles/cmTC_c240a.dir/CheckIncludeFile.c.o -MF CMakeFiles/cmTC_c240a.dir/CheckIncludeFile.c.o.d -o CMakeFiles/cmTC_c240a.dir/CheckIncludeFile.c.o -c "/Users/rgriffith/Documents/Computer Networks/CSE30264-SP22-ComputerNetworks/project2/json-c-build/CMakeFiles/CMakeTmp/CheckIncludeFile.c"
Linking C executable cmTC_c240a
/usr/local/Cellar/cmake/3.22.3/bin/cmake -E cmake_link_script CMakeFiles/cmTC_c240a.dir/link.txt --verbose=1
/Library/Developer/CommandLineTools/usr/bin/cc  -isysroot /Library/Developer/CommandLineTools/SDKs/MacOSX11.1.sdk -Wl,-search_paths_first -Wl,-headerpad_max_install_names CMakeFiles/cmTC_c240a.dir/CheckIncludeFile.c.o -o cmTC_c240a  -lm 



Determining if the include file sys/stat.h exists passed with the following output:
Change Dir: /Users/rgriffith/Documents/Computer Networks/CSE30264-SP22-ComputerNetworks/project2/json-c-build/CMakeFiles/CMakeTmp

Run Build Command(s):/usr/bin/make -f Makefile cmTC_7378f/fast && /Library/Developer/CommandLineTools/usr/bin/make  -f CMakeFiles/cmTC_7378f.dir/build.make CMakeFiles/cmTC_7378f.dir/build
Building C object CMakeFiles/cmTC_7378f.dir/CheckIncludeFile.c.o
/Library/Developer/CommandLineTools/usr/bin/cc -D_GNU_SOURCE  -isysroot /Library/Developer/CommandLineTools/SDKs/MacOSX11.1.sdk -fPIE -MD -MT CMakeFiles/cmTC_7378f.dir/CheckIncludeFile.c.o -MF CMakeFiles/cmTC_7378f.dir/CheckIncludeFile.c.o.d -o CMakeFiles/cmTC_7378f.dir/CheckIncludeFile.c.o -c "/Users/rgriffith/Documents/Computer Networks/CSE30264-SP22-ComputerNetworks/project2/json-c-build/CMakeFiles/CMakeTmp/CheckIncludeFile.c"
Linking C executable cmTC_7378f
/usr/local/Cellar/cmake/3.22.3/bin/cmake -E cmake_link_script CMakeFiles/cmTC_7378f.dir/link.txt --verbose=1
/Library/Developer/CommandLineTools/usr/bin/cc  -isysroot /Library/Developer/CommandLineTools/SDKs/MacOSX11.1.sdk -Wl,-search_paths_first -Wl,-headerpad_max_install_names CMakeFiles/cmTC_7378f.dir/CheckIncludeFile.c.o -o cmTC_7378f  -lm 



Determining if the include file xlocale.h exists passed with the following output:
Change Dir: /Users/rgriffith/Documents/Computer Networks/CSE30264-SP22-ComputerNetworks/project2/json-c-build/CMakeFiles/CMakeTmp

Run Build Command(s):/usr/bin/make -f Makefile cmTC_4a4f0/fast && /Library/Developer/CommandLineTools/usr/bin/make  -f CMakeFiles/cmTC_4a4f0.dir/build.make CMakeFiles/cmTC_4a4f0.dir/build
Building C object CMakeFiles/cmTC_4a4f0.dir/CheckIncludeFile.c.o
/Library/Developer/CommandLineTools/usr/bin/cc -D_GNU_SOURCE  -isysroot /Library/Developer/CommandLineTools/SDKs/MacOSX11.1.sdk -fPIE -MD -MT CMakeFiles/cmTC_4a4f0.dir/CheckIncludeFile.c.o -MF CMakeFiles/cmTC_4a4f0.dir/CheckIncludeFile.c.o.d -o CMakeFiles/cmTC_4a4f0.dir/CheckIncludeFile.c.o -c "/Users/rgriffith/Documents/Computer Networks/CSE30264-SP22-ComputerNetworks/project2/json-c-build/CMakeFiles/CMakeTmp/CheckIncludeFile.c"
Linking C executable cmTC_4a4f0
/usr/local/Cellar/cmake/3.22.3/bin/cmake -E cmake_link_script CMakeFiles/cmTC_4a4f0.dir/link.txt --verbose=1
/Library/Developer/CommandLineTools/usr/bin/cc  -isysroot /Library/Developer/CommandLineTools/SDKs/MacOSX11.1.sdk -Wl,-search_paths_first -Wl,-headerpad_max_install_names CMakeFiles/cmTC_4a4f0.dir/CheckIncludeFile.c.o -o cmTC_4a4f0  -lm 



Determining if the INFINITY exist passed with the following output:
Change Dir: /Users/rgriffith/Documents/Computer Networks/CSE30264-SP22-ComputerNetworks/project2/json-c-build/CMakeFiles/CMakeTmp

Run Build Command(s):/usr/bin/make -f Makefile cmTC_4c2b6/fast && /Library/Developer/CommandLineTools/usr/bin/make  -f CMakeFiles/cmTC_4c2b6.dir/build.make CMakeFiles/cmTC_4c2b6.dir/build
Building C object CMakeFiles/cmTC_4c2b6.dir/CheckSymbolExists.c.o
/Library/Developer/CommandLineTools/usr/bin/cc -D_GNU_SOURCE  -isysroot /Library/Developer/CommandLineTools/SDKs/MacOSX11.1.sdk -fPIE -MD -MT CMakeFiles/cmTC_4c2b6.dir/CheckSymbolExists.c.o -MF CMakeFiles/cmTC_4c2b6.dir/CheckSymbolExists.c.o.d -o CMakeFiles/cmTC_4c2b6.dir/CheckSymbolExists.c.o -c "/Users/rgriffith/Documents/Computer Networks/CSE30264-SP22-ComputerNetworks/project2/json-c-build/CMakeFiles/CMakeTmp/CheckSymbolExists.c"
Linking C executable cmTC_4c2b6
/usr/local/Cellar/cmake/3.22.3/bin/cmake -E cmake_link_script CMakeFiles/cmTC_4c2b6.dir/link.txt --verbose=1
/Library/Developer/CommandLineTools/usr/bin/cc  -isysroot /Library/Developer/CommandLineTools/SDKs/MacOSX11.1.sdk -Wl,-search_paths_first -Wl,-headerpad_max_install_names CMakeFiles/cmTC_4c2b6.dir/CheckSymbolExists.c.o -o cmTC_4c2b6  -lm 


File /Users/rgriffith/Documents/Computer Networks/CSE30264-SP22-ComputerNetworks/project2/json-c-build/CMakeFiles/CMakeTmp/CheckSymbolExists.c:
/* */
#include <math.h>

int main(int argc, char** argv)
{
  (void)argv;
#ifndef INFINITY
  return ((int*)(&INFINITY))[argc];
#else
  (void)argc;
  return 0;
#endif
}
Determining if the isinf exist passed with the following output:
Change Dir: /Users/rgriffith/Documents/Computer Networks/CSE30264-SP22-ComputerNetworks/project2/json-c-build/CMakeFiles/CMakeTmp

Run Build Command(s):/usr/bin/make -f Makefile cmTC_d7ae5/fast && /Library/Developer/CommandLineTools/usr/bin/make  -f CMakeFiles/cmTC_d7ae5.dir/build.make CMakeFiles/cmTC_d7ae5.dir/build
Building C object CMakeFiles/cmTC_d7ae5.dir/CheckSymbolExists.c.o
/Library/Developer/CommandLineTools/usr/bin/cc -D_GNU_SOURCE  -isysroot /Library/Developer/CommandLineTools/SDKs/MacOSX11.1.sdk -fPIE -MD -MT CMakeFiles/cmTC_d7ae5.dir/CheckSymbolExists.c.o -MF CMakeFiles/cmTC_d7ae5.dir/CheckSymbolExists.c.o.d -o CMakeFiles/cmTC_d7ae5.dir/CheckSymbolExists.c.o -c "/Users/rgriffith/Documents/Computer Networks/CSE30264-SP22-ComputerNetworks/project2/json-c-build/CMakeFiles/CMakeTmp/CheckSymbolExists.c"
Linking C executable cmTC_d7ae5
/usr/local/Cellar/cmake/3.22.3/bin/cmake -E cmake_link_script CMakeFiles/cmTC_d7ae5.dir/link.txt --verbose=1
/Library/Developer/CommandLineTools/usr/bin/cc  -isysroot /Library/Developer/CommandLineTools/SDKs/MacOSX11.1.sdk -Wl,-search_paths_first -Wl,-headerpad_max_install_names CMakeFiles/cmTC_d7ae5.dir/CheckSymbolExists.c.o -o cmTC_d7ae5  -lm 


File /Users/rgriffith/Documents/Computer Networks/CSE30264-SP22-ComputerNetworks/project2/json-c-build/CMakeFiles/CMakeTmp/CheckSymbolExists.c:
/* */
#include <math.h>

int main(int argc, char** argv)
{
  (void)argv;
#ifndef isinf
  return ((int*)(&isinf))[argc];
#else
  (void)argc;
  return 0;
#endif
}
Determining if the isnan exist passed with the following output:
Change Dir: /Users/rgriffith/Documents/Computer Networks/CSE30264-SP22-ComputerNetworks/project2/json-c-build/CMakeFiles/CMakeTmp

Run Build Command(s):/usr/bin/make -f Makefile cmTC_d53a9/fast && /Library/Developer/CommandLineTools/usr/bin/make  -f CMakeFiles/cmTC_d53a9.dir/build.make CMakeFiles/cmTC_d53a9.dir/build
Building C object CMakeFiles/cmTC_d53a9.dir/CheckSymbolExists.c.o
/Library/Developer/CommandLineTools/usr/bin/cc -D_GNU_SOURCE  -isysroot /Library/Developer/CommandLineTools/SDKs/MacOSX11.1.sdk -fPIE -MD -MT CMakeFiles/cmTC_d53a9.dir/CheckSymbolExists.c.o -MF CMakeFiles/cmTC_d53a9.dir/CheckSymbolExists.c.o.d -o CMakeFiles/cmTC_d53a9.dir/CheckSymbolExists.c.o -c "/Users/rgriffith/Documents/Computer Networks/CSE30264-SP22-ComputerNetworks/project2/json-c-build/CMakeFiles/CMakeTmp/CheckSymbolExists.c"
Linking C executable cmTC_d53a9
/usr/local/Cellar/cmake/3.22.3/bin/cmake -E cmake_link_script CMakeFiles/cmTC_d53a9.dir/link.txt --verbose=1
/Library/Developer/CommandLineTools/usr/bin/cc  -isysroot /Library/Developer/CommandLineTools/SDKs/MacOSX11.1.sdk -Wl,-search_paths_first -Wl,-headerpad_max_install_names CMakeFiles/cmTC_d53a9.dir/CheckSymbolExists.c.o -o cmTC_d53a9  -lm 


File /Users/rgriffith/Documents/Computer Networks/CSE30264-SP22-ComputerNetworks/project2/json-c-build/CMakeFiles/CMakeTmp/CheckSymbolExists.c:
/* */
#include <math.h>

int main(int argc, char** argv)
{
  (void)argv;
#ifndef isnan
  return ((int*)(&isnan))[argc];
#else
  (void)argc;
  return 0;
#endif
}
Determining if the nan exist passed with the following output:
Change Dir: /Users/rgriffith/Documents/Computer Networks/CSE30264-SP22-ComputerNetworks/project2/json-c-build/CMakeFiles/CMakeTmp

Run Build Command(s):/usr/bin/make -f Makefile cmTC_50cbc/fast && /Library/Developer/CommandLineTools/usr/bin/make  -f CMakeFiles/cmTC_50cbc.dir/build.make CMakeFiles/cmTC_50cbc.dir/build
Building C object CMakeFiles/cmTC_50cbc.dir/CheckSymbolExists.c.o
/Library/Developer/CommandLineTools/usr/bin/cc -D_GNU_SOURCE  -isysroot /Library/Developer/CommandLineTools/SDKs/MacOSX11.1.sdk -fPIE -MD -MT CMakeFiles/cmTC_50cbc.dir/CheckSymbolExists.c.o -MF CMakeFiles/cmTC_50cbc.dir/CheckSymbolExists.c.o.d -o CMakeFiles/cmTC_50cbc.dir/CheckSymbolExists.c.o -c "/Users/rgriffith/Documents/Computer Networks/CSE30264-SP22-ComputerNetworks/project2/json-c-build/CMakeFiles/CMakeTmp/CheckSymbolExists.c"
Linking C executable cmTC_50cbc
/usr/local/Cellar/cmake/3.22.3/bin/cmake -E cmake_link_script CMakeFiles/cmTC_50cbc.dir/link.txt --verbose=1
/Library/Developer/CommandLineTools/usr/bin/cc  -isysroot /Library/Developer/CommandLineTools/SDKs/MacOSX11.1.sdk -Wl,-search_paths_first -Wl,-headerpad_max_install_names CMakeFiles/cmTC_50cbc.dir/CheckSymbolExists.c.o -o cmTC_50cbc  -lm 


File /Users/rgriffith/Documents/Computer Networks/CSE30264-SP22-ComputerNetworks/project2/json-c-build/CMakeFiles/CMakeTmp/CheckSymbolExists.c:
/* */
#include <math.h>

int main(int argc, char** argv)
{
  (void)argv;
#ifndef nan
  return ((int*)(&nan))[argc];
#else
  (void)argc;
  return 0;
#endif
}
Determining if the snprintf exist passed with the following output:
Change Dir: /Users/rgriffith/Documents/Computer Networks/CSE30264-SP22-ComputerNetworks/project2/json-c-build/CMakeFiles/CMakeTmp

Run Build Command(s):/usr/bin/make -f Makefile cmTC_928af/fast && /Library/Developer/CommandLineTools/usr/bin/make  -f CMakeFiles/cmTC_928af.dir/build.make CMakeFiles/cmTC_928af.dir/build
Building C object CMakeFiles/cmTC_928af.dir/CheckSymbolExists.c.o
/Library/Developer/CommandLineTools/usr/bin/cc -D_GNU_SOURCE  -isysroot /Library/Developer/CommandLineTools/SDKs/MacOSX11.1.sdk -fPIE -MD -MT CMakeFiles/cmTC_928af.dir/CheckSymbolExists.c.o -MF CMakeFiles/cmTC_928af.dir/CheckSymbolExists.c.o.d -o CMakeFiles/cmTC_928af.dir/CheckSymbolExists.c.o -c "/Users/rgriffith/Documents/Computer Networks/CSE30264-SP22-ComputerNetworks/project2/json-c-build/CMakeFiles/CMakeTmp/CheckSymbolExists.c"
Linking C executable cmTC_928af
/usr/local/Cellar/cmake/3.22.3/bin/cmake -E cmake_link_script CMakeFiles/cmTC_928af.dir/link.txt --verbose=1
/Library/Developer/CommandLineTools/usr/bin/cc  -isysroot /Library/Developer/CommandLineTools/SDKs/MacOSX11.1.sdk -Wl,-search_paths_first -Wl,-headerpad_max_install_names CMakeFiles/cmTC_928af.dir/CheckSymbolExists.c.o -o cmTC_928af  -lm 


File /Users/rgriffith/Documents/Computer Networks/CSE30264-SP22-ComputerNetworks/project2/json-c-build/CMakeFiles/CMakeTmp/CheckSymbolExists.c:
/* */
#include <stdio.h>

int main(int argc, char** argv)
{
  (void)argv;
#ifndef snprintf
  return ((int*)(&snprintf))[argc];
#else
  (void)argc;
  return 0;
#endif
}
Determining if the vasprintf exist passed with the following output:
Change Dir: /Users/rgriffith/Documents/Computer Networks/CSE30264-SP22-ComputerNetworks/project2/json-c-build/CMakeFiles/CMakeTmp

Run Build Command(s):/usr/bin/make -f Makefile cmTC_83ab4/fast && /Library/Developer/CommandLineTools/usr/bin/make  -f CMakeFiles/cmTC_83ab4.dir/build.make CMakeFiles/cmTC_83ab4.dir/build
Building C object CMakeFiles/cmTC_83ab4.dir/CheckSymbolExists.c.o
/Library/Developer/CommandLineTools/usr/bin/cc -D_GNU_SOURCE  -isysroot /Library/Developer/CommandLineTools/SDKs/MacOSX11.1.sdk -fPIE -MD -MT CMakeFiles/cmTC_83ab4.dir/CheckSymbolExists.c.o -MF CMakeFiles/cmTC_83ab4.dir/CheckSymbolExists.c.o.d -o CMakeFiles/cmTC_83ab4.dir/CheckSymbolExists.c.o -c "/Users/rgriffith/Documents/Computer Networks/CSE30264-SP22-ComputerNetworks/project2/json-c-build/CMakeFiles/CMakeTmp/CheckSymbolExists.c"
Linking C executable cmTC_83ab4
/usr/local/Cellar/cmake/3.22.3/bin/cmake -E cmake_link_script CMakeFiles/cmTC_83ab4.dir/link.txt --verbose=1
/Library/Developer/CommandLineTools/usr/bin/cc  -isysroot /Library/Developer/CommandLineTools/SDKs/MacOSX11.1.sdk -Wl,-search_paths_first -Wl,-headerpad_max_install_names CMakeFiles/cmTC_83ab4.dir/CheckSymbolExists.c.o -o cmTC_83ab4  -lm 


File /Users/rgriffith/Documents/Computer Networks/CSE30264-SP22-ComputerNetworks/project2/json-c-build/CMakeFiles/CMakeTmp/CheckSymbolExists.c:
/* */
#include <stdio.h>

int main(int argc, char** argv)
{
  (void)argv;
#ifndef vasprintf
  return ((int*)(&vasprintf))[argc];
#else
  (void)argc;
  return 0;
#endif
}
Determining if the vsnprintf exist passed with the following output:
Change Dir: /Users/rgriffith/Documents/Computer Networks/CSE30264-SP22-ComputerNetworks/project2/json-c-build/CMakeFiles/CMakeTmp

Run Build Command(s):/usr/bin/make -f Makefile cmTC_94434/fast && /Library/Developer/CommandLineTools/usr/bin/make  -f CMakeFiles/cmTC_94434.dir/build.make CMakeFiles/cmTC_94434.dir/build
Building C object CMakeFiles/cmTC_94434.dir/CheckSymbolExists.c.o
/Library/Developer/CommandLineTools/usr/bin/cc -D_GNU_SOURCE  -isysroot /Library/Developer/CommandLineTools/SDKs/MacOSX11.1.sdk -fPIE -MD -MT CMakeFiles/cmTC_94434.dir/CheckSymbolExists.c.o -MF CMakeFiles/cmTC_94434.dir/CheckSymbolExists.c.o.d -o CMakeFiles/cmTC_94434.dir/CheckSymbolExists.c.o -c "/Users/rgriffith/Documents/Computer Networks/CSE30264-SP22-ComputerNetworks/project2/json-c-build/CMakeFiles/CMakeTmp/CheckSymbolExists.c"
Linking C executable cmTC_94434
/usr/local/Cellar/cmake/3.22.3/bin/cmake -E cmake_link_script CMakeFiles/cmTC_94434.dir/link.txt --verbose=1
/Library/Developer/CommandLineTools/usr/bin/cc  -isysroot /Library/Developer/CommandLineTools/SDKs/MacOSX11.1.sdk -Wl,-search_paths_first -Wl,-headerpad_max_install_names CMakeFiles/cmTC_94434.dir/CheckSymbolExists.c.o -o cmTC_94434  -lm 


File /Users/rgriffith/Documents/Computer Networks/CSE30264-SP22-ComputerNetworks/project2/json-c-build/CMakeFiles/CMakeTmp/CheckSymbolExists.c:
/* */
#include <stdio.h>

int main(int argc, char** argv)
{
  (void)argv;
#ifndef vsnprintf
  return ((int*)(&vsnprintf))[argc];
#else
  (void)argc;
  return 0;
#endif
}
Determining if the vprintf exist passed with the following output:
Change Dir: /Users/rgriffith/Documents/Computer Networks/CSE30264-SP22-ComputerNetworks/project2/json-c-build/CMakeFiles/CMakeTmp

Run Build Command(s):/usr/bin/make -f Makefile cmTC_4a051/fast && /Library/Developer/CommandLineTools/usr/bin/make  -f CMakeFiles/cmTC_4a051.dir/build.make CMakeFiles/cmTC_4a051.dir/build
Building C object CMakeFiles/cmTC_4a051.dir/CheckSymbolExists.c.o
/Library/Developer/CommandLineTools/usr/bin/cc -D_GNU_SOURCE  -isysroot /Library/Developer/CommandLineTools/SDKs/MacOSX11.1.sdk -fPIE -MD -MT CMakeFiles/cmTC_4a051.dir/CheckSymbolExists.c.o -MF CMakeFiles/cmTC_4a051.dir/CheckSymbolExists.c.o.d -o CMakeFiles/cmTC_4a051.dir/CheckSymbolExists.c.o -c "/Users/rgriffith/Documents/Computer Networks/CSE30264-SP22-ComputerNetworks/project2/json-c-build/CMakeFiles/CMakeTmp/CheckSymbolExists.c"
Linking C executable cmTC_4a051
/usr/local/Cellar/cmake/3.22.3/bin/cmake -E cmake_link_script CMakeFiles/cmTC_4a051.dir/link.txt --verbose=1
/Library/Developer/CommandLineTools/usr/bin/cc  -isysroot /Library/Developer/CommandLineTools/SDKs/MacOSX11.1.sdk -Wl,-search_paths_first -Wl,-headerpad_max_install_names CMakeFiles/cmTC_4a051.dir/CheckSymbolExists.c.o -o cmTC_4a051  -lm 


File /Users/rgriffith/Documents/Computer Networks/CSE30264-SP22-ComputerNetworks/project2/json-c-build/CMakeFiles/CMakeTmp/CheckSymbolExists.c:
/* */
#include <stdio.h>

int main(int argc, char** argv)
{
  (void)argv;
#ifndef vprintf
  return ((int*)(&vprintf))[argc];
#else
  (void)argc;
  return 0;
#endif
}
Determining if the arc4random exist passed with the following output:
Change Dir: /Users/rgriffith/Documents/Computer Networks/CSE30264-SP22-ComputerNetworks/project2/json-c-build/CMakeFiles/CMakeTmp

Run Build Command(s):/usr/bin/make -f Makefile cmTC_2807e/fast && /Library/Developer/CommandLineTools/usr/bin/make  -f CMakeFiles/cmTC_2807e.dir/build.make CMakeFiles/cmTC_2807e.dir/build
Building C object CMakeFiles/cmTC_2807e.dir/CheckSymbolExists.c.o
/Library/Developer/CommandLineTools/usr/bin/cc -D_GNU_SOURCE  -isysroot /Library/Developer/CommandLineTools/SDKs/MacOSX11.1.sdk -fPIE -MD -MT CMakeFiles/cmTC_2807e.dir/CheckSymbolExists.c.o -MF CMakeFiles/cmTC_2807e.dir/CheckSymbolExists.c.o.d -o CMakeFiles/cmTC_2807e.dir/CheckSymbolExists.c.o -c "/Users/rgriffith/Documents/Computer Networks/CSE30264-SP22-ComputerNetworks/project2/json-c-build/CMakeFiles/CMakeTmp/CheckSymbolExists.c"
Linking C executable cmTC_2807e
/usr/local/Cellar/cmake/3.22.3/bin/cmake -E cmake_link_script CMakeFiles/cmTC_2807e.dir/link.txt --verbose=1
/Library/Developer/CommandLineTools/usr/bin/cc  -isysroot /Library/Developer/CommandLineTools/SDKs/MacOSX11.1.sdk -Wl,-search_paths_first -Wl,-headerpad_max_install_names CMakeFiles/cmTC_2807e.dir/CheckSymbolExists.c.o -o cmTC_2807e  -lm 


File /Users/rgriffith/Documents/Computer Networks/CSE30264-SP22-ComputerNetworks/project2/json-c-build/CMakeFiles/CMakeTmp/CheckSymbolExists.c:
/* */
#include <stdlib.h>

int main(int argc, char** argv)
{
  (void)argv;
#ifndef arc4random
  return ((int*)(&arc4random))[argc];
#else
  (void)argc;
  return 0;
#endif
}
Determining if the open exist passed with the following output:
Change Dir: /Users/rgriffith/Documents/Computer Networks/CSE30264-SP22-ComputerNetworks/project2/json-c-build/CMakeFiles/CMakeTmp

Run Build Command(s):/usr/bin/make -f Makefile cmTC_d69a8/fast && /Library/Developer/CommandLineTools/usr/bin/make  -f CMakeFiles/cmTC_d69a8.dir/build.make CMakeFiles/cmTC_d69a8.dir/build
Building C object CMakeFiles/cmTC_d69a8.dir/CheckSymbolExists.c.o
/Library/Developer/CommandLineTools/usr/bin/cc -D_GNU_SOURCE  -isysroot /Library/Developer/CommandLineTools/SDKs/MacOSX11.1.sdk -fPIE -MD -MT CMakeFiles/cmTC_d69a8.dir/CheckSymbolExists.c.o -MF CMakeFiles/cmTC_d69a8.dir/CheckSymbolExists.c.o.d -o CMakeFiles/cmTC_d69a8.dir/CheckSymbolExists.c.o -c "/Users/rgriffith/Documents/Computer Networks/CSE30264-SP22-ComputerNetworks/project2/json-c-build/CMakeFiles/CMakeTmp/CheckSymbolExists.c"
Linking C executable cmTC_d69a8
/usr/local/Cellar/cmake/3.22.3/bin/cmake -E cmake_link_script CMakeFiles/cmTC_d69a8.dir/link.txt --verbose=1
/Library/Developer/CommandLineTools/usr/bin/cc  -isysroot /Library/Developer/CommandLineTools/SDKs/MacOSX11.1.sdk -Wl,-search_paths_first -Wl,-headerpad_max_install_names CMakeFiles/cmTC_d69a8.dir/CheckSymbolExists.c.o -o cmTC_d69a8  -lm 


File /Users/rgriffith/Documents/Computer Networks/CSE30264-SP22-ComputerNetworks/project2/json-c-build/CMakeFiles/CMakeTmp/CheckSymbolExists.c:
/* */
#include <fcntl.h>

int main(int argc, char** argv)
{
  (void)argv;
#ifndef open
  return ((int*)(&open))[argc];
#else
  (void)argc;
  return 0;
#endif
}
Determining if the realloc exist passed with the following output:
Change Dir: /Users/rgriffith/Documents/Computer Networks/CSE30264-SP22-ComputerNetworks/project2/json-c-build/CMakeFiles/CMakeTmp

Run Build Command(s):/usr/bin/make -f Makefile cmTC_43977/fast && /Library/Developer/CommandLineTools/usr/bin/make  -f CMakeFiles/cmTC_43977.dir/build.make CMakeFiles/cmTC_43977.dir/build
Building C object CMakeFiles/cmTC_43977.dir/CheckSymbolExists.c.o
/Library/Developer/CommandLineTools/usr/bin/cc -D_GNU_SOURCE  -isysroot /Library/Developer/CommandLineTools/SDKs/MacOSX11.1.sdk -fPIE -MD -MT CMakeFiles/cmTC_43977.dir/CheckSymbolExists.c.o -MF CMakeFiles/cmTC_43977.dir/CheckSymbolExists.c.o.d -o CMakeFiles/cmTC_43977.dir/CheckSymbolExists.c.o -c "/Users/rgriffith/Documents/Computer Networks/CSE30264-SP22-ComputerNetworks/project2/json-c-build/CMakeFiles/CMakeTmp/CheckSymbolExists.c"
Linking C executable cmTC_43977
/usr/local/Cellar/cmake/3.22.3/bin/cmake -E cmake_link_script CMakeFiles/cmTC_43977.dir/link.txt --verbose=1
/Library/Developer/CommandLineTools/usr/bin/cc  -isysroot /Library/Developer/CommandLineTools/SDKs/MacOSX11.1.sdk -Wl,-search_paths_first -Wl,-headerpad_max_install_names CMakeFiles/cmTC_43977.dir/CheckSymbolExists.c.o -o cmTC_43977  -lm 


File /Users/rgriffith/Documents/Computer Networks/CSE30264-SP22-ComputerNetworks/project2/json-c-build/CMakeFiles/CMakeTmp/CheckSymbolExists.c:
/* */
#include <stdlib.h>

int main(int argc, char** argv)
{
  (void)argv;
#ifndef realloc
  return ((int*)(&realloc))[argc];
#else
  (void)argc;
  return 0;
#endif
}
Determining if the setlocale exist passed with the following output:
Change Dir: /Users/rgriffith/Documents/Computer Networks/CSE30264-SP22-ComputerNetworks/project2/json-c-build/CMakeFiles/CMakeTmp

Run Build Command(s):/usr/bin/make -f Makefile cmTC_94751/fast && /Library/Developer/CommandLineTools/usr/bin/make  -f CMakeFiles/cmTC_94751.dir/build.make CMakeFiles/cmTC_94751.dir/build
Building C object CMakeFiles/cmTC_94751.dir/CheckSymbolExists.c.o
/Library/Developer/CommandLineTools/usr/bin/cc -D_GNU_SOURCE  -isysroot /Library/Developer/CommandLineTools/SDKs/MacOSX11.1.sdk -fPIE -MD -MT CMakeFiles/cmTC_94751.dir/CheckSymbolExists.c.o -MF CMakeFiles/cmTC_94751.dir/CheckSymbolExists.c.o.d -o CMakeFiles/cmTC_94751.dir/CheckSymbolExists.c.o -c "/Users/rgriffith/Documents/Computer Networks/CSE30264-SP22-ComputerNetworks/project2/json-c-build/CMakeFiles/CMakeTmp/CheckSymbolExists.c"
Linking C executable cmTC_94751
/usr/local/Cellar/cmake/3.22.3/bin/cmake -E cmake_link_script CMakeFiles/cmTC_94751.dir/link.txt --verbose=1
/Library/Developer/CommandLineTools/usr/bin/cc  -isysroot /Library/Developer/CommandLineTools/SDKs/MacOSX11.1.sdk -Wl,-search_paths_first -Wl,-headerpad_max_install_names CMakeFiles/cmTC_94751.dir/CheckSymbolExists.c.o -o cmTC_94751  -lm 


File /Users/rgriffith/Documents/Computer Networks/CSE30264-SP22-ComputerNetworks/project2/json-c-build/CMakeFiles/CMakeTmp/CheckSymbolExists.c:
/* */
#include <locale.h>

int main(int argc, char** argv)
{
  (void)argv;
#ifndef setlocale
  return ((int*)(&setlocale))[argc];
#else
  (void)argc;
  return 0;
#endif
}
Determining if the strcasecmp exist passed with the following output:
Change Dir: /Users/rgriffith/Documents/Computer Networks/CSE30264-SP22-ComputerNetworks/project2/json-c-build/CMakeFiles/CMakeTmp

Run Build Command(s):/usr/bin/make -f Makefile cmTC_bab1b/fast && /Library/Developer/CommandLineTools/usr/bin/make  -f CMakeFiles/cmTC_bab1b.dir/build.make CMakeFiles/cmTC_bab1b.dir/build
Building C object CMakeFiles/cmTC_bab1b.dir/CheckSymbolExists.c.o
/Library/Developer/CommandLineTools/usr/bin/cc -D_GNU_SOURCE  -isysroot /Library/Developer/CommandLineTools/SDKs/MacOSX11.1.sdk -fPIE -MD -MT CMakeFiles/cmTC_bab1b.dir/CheckSymbolExists.c.o -MF CMakeFiles/cmTC_bab1b.dir/CheckSymbolExists.c.o.d -o CMakeFiles/cmTC_bab1b.dir/CheckSymbolExists.c.o -c "/Users/rgriffith/Documents/Computer Networks/CSE30264-SP22-ComputerNetworks/project2/json-c-build/CMakeFiles/CMakeTmp/CheckSymbolExists.c"
Linking C executable cmTC_bab1b
/usr/local/Cellar/cmake/3.22.3/bin/cmake -E cmake_link_script CMakeFiles/cmTC_bab1b.dir/link.txt --verbose=1
/Library/Developer/CommandLineTools/usr/bin/cc  -isysroot /Library/Developer/CommandLineTools/SDKs/MacOSX11.1.sdk -Wl,-search_paths_first -Wl,-headerpad_max_install_names CMakeFiles/cmTC_bab1b.dir/CheckSymbolExists.c.o -o cmTC_bab1b  -lm 


File /Users/rgriffith/Documents/Computer Networks/CSE30264-SP22-ComputerNetworks/project2/json-c-build/CMakeFiles/CMakeTmp/CheckSymbolExists.c:
/* */
#include <strings.h>

int main(int argc, char** argv)
{
  (void)argv;
#ifndef strcasecmp
  return ((int*)(&strcasecmp))[argc];
#else
  (void)argc;
  return 0;
#endif
}
Determining if the strncasecmp exist passed with the following output:
Change Dir: /Users/rgriffith/Documents/Computer Networks/CSE30264-SP22-ComputerNetworks/project2/json-c-build/CMakeFiles/CMakeTmp

Run Build Command(s):/usr/bin/make -f Makefile cmTC_d435a/fast && /Library/Developer/CommandLineTools/usr/bin/make  -f CMakeFiles/cmTC_d435a.dir/build.make CMakeFiles/cmTC_d435a.dir/build
Building C object CMakeFiles/cmTC_d435a.dir/CheckSymbolExists.c.o
/Library/Developer/CommandLineTools/usr/bin/cc -D_GNU_SOURCE  -isysroot /Library/Developer/CommandLineTools/SDKs/MacOSX11.1.sdk -fPIE -MD -MT CMakeFiles/cmTC_d435a.dir/CheckSymbolExists.c.o -MF CMakeFiles/cmTC_d435a.dir/CheckSymbolExists.c.o.d -o CMakeFiles/cmTC_d435a.dir/CheckSymbolExists.c.o -c "/Users/rgriffith/Documents/Computer Networks/CSE30264-SP22-ComputerNetworks/project2/json-c-build/CMakeFiles/CMakeTmp/CheckSymbolExists.c"
Linking C executable cmTC_d435a
/usr/local/Cellar/cmake/3.22.3/bin/cmake -E cmake_link_script CMakeFiles/cmTC_d435a.dir/link.txt --verbose=1
/Library/Developer/CommandLineTools/usr/bin/cc  -isysroot /Library/Developer/CommandLineTools/SDKs/MacOSX11.1.sdk -Wl,-search_paths_first -Wl,-headerpad_max_install_names CMakeFiles/cmTC_d435a.dir/CheckSymbolExists.c.o -o cmTC_d435a  -lm 


File /Users/rgriffith/Documents/Computer Networks/CSE30264-SP22-ComputerNetworks/project2/json-c-build/CMakeFiles/CMakeTmp/CheckSymbolExists.c:
/* */
#include <strings.h>

int main(int argc, char** argv)
{
  (void)argv;
#ifndef strncasecmp
  return ((int*)(&strncasecmp))[argc];
#else
  (void)argc;
  return 0;
#endif
}
Determining if the strdup exist passed with the following output:
Change Dir: /Users/rgriffith/Documents/Computer Networks/CSE30264-SP22-ComputerNetworks/project2/json-c-build/CMakeFiles/CMakeTmp

Run Build Command(s):/usr/bin/make -f Makefile cmTC_ae6b4/fast && /Library/Developer/CommandLineTools/usr/bin/make  -f CMakeFiles/cmTC_ae6b4.dir/build.make CMakeFiles/cmTC_ae6b4.dir/build
Building C object CMakeFiles/cmTC_ae6b4.dir/CheckSymbolExists.c.o
/Library/Developer/CommandLineTools/usr/bin/cc -D_GNU_SOURCE  -isysroot /Library/Developer/CommandLineTools/SDKs/MacOSX11.1.sdk -fPIE -MD -MT CMakeFiles/cmTC_ae6b4.dir/CheckSymbolExists.c.o -MF CMakeFiles/cmTC_ae6b4.dir/CheckSymbolExists.c.o.d -o CMakeFiles/cmTC_ae6b4.dir/CheckSymbolExists.c.o -c "/Users/rgriffith/Documents/Computer Networks/CSE30264-SP22-ComputerNetworks/project2/json-c-build/CMakeFiles/CMakeTmp/CheckSymbolExists.c"
Linking C executable cmTC_ae6b4
/usr/local/Cellar/cmake/3.22.3/bin/cmake -E cmake_link_script CMakeFiles/cmTC_ae6b4.dir/link.txt --verbose=1
/Library/Developer/CommandLineTools/usr/bin/cc  -isysroot /Library/Developer/CommandLineTools/SDKs/MacOSX11.1.sdk -Wl,-search_paths_first -Wl,-headerpad_max_install_names CMakeFiles/cmTC_ae6b4.dir/CheckSymbolExists.c.o -o cmTC_ae6b4  -lm 


File /Users/rgriffith/Documents/Computer Networks/CSE30264-SP22-ComputerNetworks/project2/json-c-build/CMakeFiles/CMakeTmp/CheckSymbolExists.c:
/* */
#include <string.h>

int main(int argc, char** argv)
{
  (void)argv;
#ifndef strdup
  return ((int*)(&strdup))[argc];
#else
  (void)argc;
  return 0;
#endif
}
Determining if the strerror exist passed with the following output:
Change Dir: /Users/rgriffith/Documents/Computer Networks/CSE30264-SP22-ComputerNetworks/project2/json-c-build/CMakeFiles/CMakeTmp

Run Build Command(s):/usr/bin/make -f Makefile cmTC_ea396/fast && /Library/Developer/CommandLineTools/usr/bin/make  -f CMakeFiles/cmTC_ea396.dir/build.make CMakeFiles/cmTC_ea396.dir/build
Building C object CMakeFiles/cmTC_ea396.dir/CheckSymbolExists.c.o
/Library/Developer/CommandLineTools/usr/bin/cc -D_GNU_SOURCE  -isysroot /Library/Developer/CommandLineTools/SDKs/MacOSX11.1.sdk -fPIE -MD -MT CMakeFiles/cmTC_ea396.dir/CheckSymbolExists.c.o -MF CMakeFiles/cmTC_ea396.dir/CheckSymbolExists.c.o.d -o CMakeFiles/cmTC_ea396.dir/CheckSymbolExists.c.o -c "/Users/rgriffith/Documents/Computer Networks/CSE30264-SP22-ComputerNetworks/project2/json-c-build/CMakeFiles/CMakeTmp/CheckSymbolExists.c"
Linking C executable cmTC_ea396
/usr/local/Cellar/cmake/3.22.3/bin/cmake -E cmake_link_script CMakeFiles/cmTC_ea396.dir/link.txt --verbose=1
/Library/Developer/CommandLineTools/usr/bin/cc  -isysroot /Library/Developer/CommandLineTools/SDKs/MacOSX11.1.sdk -Wl,-search_paths_first -Wl,-headerpad_max_install_names CMakeFiles/cmTC_ea396.dir/CheckSymbolExists.c.o -o cmTC_ea396  -lm 


File /Users/rgriffith/Documents/Computer Networks/CSE30264-SP22-ComputerNetworks/project2/json-c-build/CMakeFiles/CMakeTmp/CheckSymbolExists.c:
/* */
#include <string.h>

int main(int argc, char** argv)
{
  (void)argv;
#ifndef strerror
  return ((int*)(&strerror))[argc];
#else
  (void)argc;
  return 0;
#endif
}
Determining if the vsyslog exist passed with the following output:
Change Dir: /Users/rgriffith/Documents/Computer Networks/CSE30264-SP22-ComputerNetworks/project2/json-c-build/CMakeFiles/CMakeTmp

Run Build Command(s):/usr/bin/make -f Makefile cmTC_2152e/fast && /Library/Developer/CommandLineTools/usr/bin/make  -f CMakeFiles/cmTC_2152e.dir/build.make CMakeFiles/cmTC_2152e.dir/build
Building C object CMakeFiles/cmTC_2152e.dir/CheckSymbolExists.c.o
/Library/Developer/CommandLineTools/usr/bin/cc -D_GNU_SOURCE  -isysroot /Library/Developer/CommandLineTools/SDKs/MacOSX11.1.sdk -fPIE -MD -MT CMakeFiles/cmTC_2152e.dir/CheckSymbolExists.c.o -MF CMakeFiles/cmTC_2152e.dir/CheckSymbolExists.c.o.d -o CMakeFiles/cmTC_2152e.dir/CheckSymbolExists.c.o -c "/Users/rgriffith/Documents/Computer Networks/CSE30264-SP22-ComputerNetworks/project2/json-c-build/CMakeFiles/CMakeTmp/CheckSymbolExists.c"
Linking C executable cmTC_2152e
/usr/local/Cellar/cmake/3.22.3/bin/cmake -E cmake_link_script CMakeFiles/cmTC_2152e.dir/link.txt --verbose=1
/Library/Developer/CommandLineTools/usr/bin/cc  -isysroot /Library/Developer/CommandLineTools/SDKs/MacOSX11.1.sdk -Wl,-search_paths_first -Wl,-headerpad_max_install_names CMakeFiles/cmTC_2152e.dir/CheckSymbolExists.c.o -o cmTC_2152e  -lm 


File /Users/rgriffith/Documents/Computer Networks/CSE30264-SP22-ComputerNetworks/project2/json-c-build/CMakeFiles/CMakeTmp/CheckSymbolExists.c:
/* */
#include <syslog.h>

int main(int argc, char** argv)
{
  (void)argv;
#ifndef vsyslog
  return ((int*)(&vsyslog))[argc];
#else
  (void)argc;
  return 0;
#endif
}
Determining if the strtoll exist passed with the following output:
Change Dir: /Users/rgriffith/Documents/Computer Networks/CSE30264-SP22-ComputerNetworks/project2/json-c-build/CMakeFiles/CMakeTmp

Run Build Command(s):/usr/bin/make -f Makefile cmTC_f41e3/fast && /Library/Developer/CommandLineTools/usr/bin/make  -f CMakeFiles/cmTC_f41e3.dir/build.make CMakeFiles/cmTC_f41e3.dir/build
Building C object CMakeFiles/cmTC_f41e3.dir/CheckSymbolExists.c.o
/Library/Developer/CommandLineTools/usr/bin/cc -D_GNU_SOURCE  -isysroot /Library/Developer/CommandLineTools/SDKs/MacOSX11.1.sdk -fPIE -MD -MT CMakeFiles/cmTC_f41e3.dir/CheckSymbolExists.c.o -MF CMakeFiles/cmTC_f41e3.dir/CheckSymbolExists.c.o.d -o CMakeFiles/cmTC_f41e3.dir/CheckSymbolExists.c.o -c "/Users/rgriffith/Documents/Computer Networks/CSE30264-SP22-ComputerNetworks/project2/json-c-build/CMakeFiles/CMakeTmp/CheckSymbolExists.c"
Linking C executable cmTC_f41e3
/usr/local/Cellar/cmake/3.22.3/bin/cmake -E cmake_link_script CMakeFiles/cmTC_f41e3.dir/link.txt --verbose=1
/Library/Developer/CommandLineTools/usr/bin/cc  -isysroot /Library/Developer/CommandLineTools/SDKs/MacOSX11.1.sdk -Wl,-search_paths_first -Wl,-headerpad_max_install_names CMakeFiles/cmTC_f41e3.dir/CheckSymbolExists.c.o -o cmTC_f41e3  -lm 


File /Users/rgriffith/Documents/Computer Networks/CSE30264-SP22-ComputerNetworks/project2/json-c-build/CMakeFiles/CMakeTmp/CheckSymbolExists.c:
/* */
#include <stdlib.h>

int main(int argc, char** argv)
{
  (void)argv;
#ifndef strtoll
  return ((int*)(&strtoll))[argc];
#else
  (void)argc;
  return 0;
#endif
}
Determining if the strtoull exist passed with the following output:
Change Dir: /Users/rgriffith/Documents/Computer Networks/CSE30264-SP22-ComputerNetworks/project2/json-c-build/CMakeFiles/CMakeTmp

Run Build Command(s):/usr/bin/make -f Makefile cmTC_b3646/fast && /Library/Developer/CommandLineTools/usr/bin/make  -f CMakeFiles/cmTC_b3646.dir/build.make CMakeFiles/cmTC_b3646.dir/build
Building C object CMakeFiles/cmTC_b3646.dir/CheckSymbolExists.c.o
/Library/Developer/CommandLineTools/usr/bin/cc -D_GNU_SOURCE  -isysroot /Library/Developer/CommandLineTools/SDKs/MacOSX11.1.sdk -fPIE -MD -MT CMakeFiles/cmTC_b3646.dir/CheckSymbolExists.c.o -MF CMakeFiles/cmTC_b3646.dir/CheckSymbolExists.c.o.d -o CMakeFiles/cmTC_b3646.dir/CheckSymbolExists.c.o -c "/Users/rgriffith/Documents/Computer Networks/CSE30264-SP22-ComputerNetworks/project2/json-c-build/CMakeFiles/CMakeTmp/CheckSymbolExists.c"
Linking C executable cmTC_b3646
/usr/local/Cellar/cmake/3.22.3/bin/cmake -E cmake_link_script CMakeFiles/cmTC_b3646.dir/link.txt --verbose=1
/Library/Developer/CommandLineTools/usr/bin/cc  -isysroot /Library/Developer/CommandLineTools/SDKs/MacOSX11.1.sdk -Wl,-search_paths_first -Wl,-headerpad_max_install_names CMakeFiles/cmTC_b3646.dir/CheckSymbolExists.c.o -o cmTC_b3646  -lm 


File /Users/rgriffith/Documents/Computer Networks/CSE30264-SP22-ComputerNetworks/project2/json-c-build/CMakeFiles/CMakeTmp/CheckSymbolExists.c:
/* */
#include <stdlib.h>

int main(int argc, char** argv)
{
  (void)argv;
#ifndef strtoull
  return ((int*)(&strtoull))[argc];
#else
  (void)argc;
  return 0;
#endif
}
Determining if the include file stddef.h exists passed with the following output:
Change Dir: /Users/rgriffith/Documents/Computer Networks/CSE30264-SP22-ComputerNetworks/project2/json-c-build/CMakeFiles/CMakeTmp

Run Build Command(s):/usr/bin/make -f Makefile cmTC_59ed2/fast && /Library/Developer/CommandLineTools/usr/bin/make  -f CMakeFiles/cmTC_59ed2.dir/build.make CMakeFiles/cmTC_59ed2.dir/build
Building C object CMakeFiles/cmTC_59ed2.dir/CheckIncludeFile.c.o
/Library/Developer/CommandLineTools/usr/bin/cc -D_GNU_SOURCE  -isysroot /Library/Developer/CommandLineTools/SDKs/MacOSX11.1.sdk -fPIE -MD -MT CMakeFiles/cmTC_59ed2.dir/CheckIncludeFile.c.o -MF CMakeFiles/cmTC_59ed2.dir/CheckIncludeFile.c.o.d -o CMakeFiles/cmTC_59ed2.dir/CheckIncludeFile.c.o -c "/Users/rgriffith/Documents/Computer Networks/CSE30264-SP22-ComputerNetworks/project2/json-c-build/CMakeFiles/CMakeTmp/CheckIncludeFile.c"
Linking C executable cmTC_59ed2
/usr/local/Cellar/cmake/3.22.3/bin/cmake -E cmake_link_script CMakeFiles/cmTC_59ed2.dir/link.txt --verbose=1
/Library/Developer/CommandLineTools/usr/bin/cc  -isysroot /Library/Developer/CommandLineTools/SDKs/MacOSX11.1.sdk -Wl,-search_paths_first -Wl,-headerpad_max_install_names CMakeFiles/cmTC_59ed2.dir/CheckIncludeFile.c.o -o cmTC_59ed2  -lm 



Determining size of int passed with the following output:
Change Dir: /Users/rgriffith/Documents/Computer Networks/CSE30264-SP22-ComputerNetworks/project2/json-c-build/CMakeFiles/CMakeTmp

Run Build Command(s):/usr/bin/make -f Makefile cmTC_f063e/fast && /Library/Developer/CommandLineTools/usr/bin/make  -f CMakeFiles/cmTC_f063e.dir/build.make CMakeFiles/cmTC_f063e.dir/build
Building C object CMakeFiles/cmTC_f063e.dir/SIZEOF_INT.c.o
/Library/Developer/CommandLineTools/usr/bin/cc -D_GNU_SOURCE  -isysroot /Library/Developer/CommandLineTools/SDKs/MacOSX11.1.sdk -fPIE -MD -MT CMakeFiles/cmTC_f063e.dir/SIZEOF_INT.c.o -MF CMakeFiles/cmTC_f063e.dir/SIZEOF_INT.c.o.d -o CMakeFiles/cmTC_f063e.dir/SIZEOF_INT.c.o -c "/Users/rgriffith/Documents/Computer Networks/CSE30264-SP22-ComputerNetworks/project2/json-c-build/CMakeFiles/CheckTypeSize/SIZEOF_INT.c"
Linking C executable cmTC_f063e
/usr/local/Cellar/cmake/3.22.3/bin/cmake -E cmake_link_script CMakeFiles/cmTC_f063e.dir/link.txt --verbose=1
/Library/Developer/CommandLineTools/usr/bin/cc  -isysroot /Library/Developer/CommandLineTools/SDKs/MacOSX11.1.sdk -Wl,-search_paths_first -Wl,-headerpad_max_install_names CMakeFiles/cmTC_f063e.dir/SIZEOF_INT.c.o -o cmTC_f063e  -lm 



Determining size of int64_t passed with the following output:
Change Dir: /Users/rgriffith/Documents/Computer Networks/CSE30264-SP22-ComputerNetworks/project2/json-c-build/CMakeFiles/CMakeTmp

Run Build Command(s):/usr/bin/make -f Makefile cmTC_db1bc/fast && /Library/Developer/CommandLineTools/usr/bin/make  -f CMakeFiles/cmTC_db1bc.dir/build.make CMakeFiles/cmTC_db1bc.dir/build
Building C object CMakeFiles/cmTC_db1bc.dir/SIZEOF_INT64_T.c.o
/Library/Developer/CommandLineTools/usr/bin/cc -D_GNU_SOURCE  -isysroot /Library/Developer/CommandLineTools/SDKs/MacOSX11.1.sdk -fPIE -MD -MT CMakeFiles/cmTC_db1bc.dir/SIZEOF_INT64_T.c.o -MF CMakeFiles/cmTC_db1bc.dir/SIZEOF_INT64_T.c.o.d -o CMakeFiles/cmTC_db1bc.dir/SIZEOF_INT64_T.c.o -c "/Users/rgriffith/Documents/Computer Networks/CSE30264-SP22-ComputerNetworks/project2/json-c-build/CMakeFiles/CheckTypeSize/SIZEOF_INT64_T.c"
Linking C executable cmTC_db1bc
/usr/local/Cellar/cmake/3.22.3/bin/cmake -E cmake_link_script CMakeFiles/cmTC_db1bc.dir/link.txt --verbose=1
/Library/Developer/CommandLineTools/usr/bin/cc  -isysroot /Library/Developer/CommandLineTools/SDKs/MacOSX11.1.sdk -Wl,-search_paths_first -Wl,-headerpad_max_install_names CMakeFiles/cmTC_db1bc.dir/SIZEOF_INT64_T.c.o -o cmTC_db1bc  -lm 



Determining size of long passed with the following output:
Change Dir: /Users/rgriffith/Documents/Computer Networks/CSE30264-SP22-ComputerNetworks/project2/json-c-build/CMakeFiles/CMakeTmp

Run Build Command(s):/usr/bin/make -f Makefile cmTC_c5d19/fast && /Library/Developer/CommandLineTools/usr/bin/make  -f CMakeFiles/cmTC_c5d19.dir/build.make CMakeFiles/cmTC_c5d19.dir/build
Building C object CMakeFiles/cmTC_c5d19.dir/SIZEOF_LONG.c.o
/Library/Developer/CommandLineTools/usr/bin/cc -D_GNU_SOURCE  -isysroot /Library/Developer/CommandLineTools/SDKs/MacOSX11.1.sdk -fPIE -MD -MT CMakeFiles/cmTC_c5d19.dir/SIZEOF_LONG.c.o -MF CMakeFiles/cmTC_c5d19.dir/SIZEOF_LONG.c.o.d -o CMakeFiles/cmTC_c5d19.dir/SIZEOF_LONG.c.o -c "/Users/rgriffith/Documents/Computer Networks/CSE30264-SP22-ComputerNetworks/project2/json-c-build/CMakeFiles/CheckTypeSize/SIZEOF_LONG.c"
Linking C executable cmTC_c5d19
/usr/local/Cellar/cmake/3.22.3/bin/cmake -E cmake_link_script CMakeFiles/cmTC_c5d19.dir/link.txt --verbose=1
/Library/Developer/CommandLineTools/usr/bin/cc  -isysroot /Library/Developer/CommandLineTools/SDKs/MacOSX11.1.sdk -Wl,-search_paths_first -Wl,-headerpad_max_install_names CMakeFiles/cmTC_c5d19.dir/SIZEOF_LONG.c.o -o cmTC_c5d19  -lm 



Determining size of long long passed with the following output:
Change Dir: /Users/rgriffith/Documents/Computer Networks/CSE30264-SP22-ComputerNetworks/project2/json-c-build/CMakeFiles/CMakeTmp

Run Build Command(s):/usr/bin/make -f Makefile cmTC_1197f/fast && /Library/Developer/CommandLineTools/usr/bin/make  -f CMakeFiles/cmTC_1197f.dir/build.make CMakeFiles/cmTC_1197f.dir/build
Building C object CMakeFiles/cmTC_1197f.dir/SIZEOF_LONG_LONG.c.o
/Library/Developer/CommandLineTools/usr/bin/cc -D_GNU_SOURCE  -isysroot /Library/Developer/CommandLineTools/SDKs/MacOSX11.1.sdk -fPIE -MD -MT CMakeFiles/cmTC_1197f.dir/SIZEOF_LONG_LONG.c.o -MF CMakeFiles/cmTC_1197f.dir/SIZEOF_LONG_LONG.c.o.d -o CMakeFiles/cmTC_1197f.dir/SIZEOF_LONG_LONG.c.o -c "/Users/rgriffith/Documents/Computer Networks/CSE30264-SP22-ComputerNetworks/project2/json-c-build/CMakeFiles/CheckTypeSize/SIZEOF_LONG_LONG.c"
Linking C executable cmTC_1197f
/usr/local/Cellar/cmake/3.22.3/bin/cmake -E cmake_link_script CMakeFiles/cmTC_1197f.dir/link.txt --verbose=1
/Library/Developer/CommandLineTools/usr/bin/cc  -isysroot /Library/Developer/CommandLineTools/SDKs/MacOSX11.1.sdk -Wl,-search_paths_first -Wl,-headerpad_max_install_names CMakeFiles/cmTC_1197f.dir/SIZEOF_LONG_LONG.c.o -o cmTC_1197f  -lm 



Determining size of size_t passed with the following output:
Change Dir: /Users/rgriffith/Documents/Computer Networks/CSE30264-SP22-ComputerNetworks/project2/json-c-build/CMakeFiles/CMakeTmp

Run Build Command(s):/usr/bin/make -f Makefile cmTC_3535b/fast && /Library/Developer/CommandLineTools/usr/bin/make  -f CMakeFiles/cmTC_3535b.dir/build.make CMakeFiles/cmTC_3535b.dir/build
Building C object CMakeFiles/cmTC_3535b.dir/SIZEOF_SIZE_T.c.o
/Library/Developer/CommandLineTools/usr/bin/cc -D_GNU_SOURCE  -isysroot /Library/Developer/CommandLineTools/SDKs/MacOSX11.1.sdk -fPIE -MD -MT CMakeFiles/cmTC_3535b.dir/SIZEOF_SIZE_T.c.o -MF CMakeFiles/cmTC_3535b.dir/SIZEOF_SIZE_T.c.o.d -o CMakeFiles/cmTC_3535b.dir/SIZEOF_SIZE_T.c.o -c "/Users/rgriffith/Documents/Computer Networks/CSE30264-SP22-ComputerNetworks/project2/json-c-build/CMakeFiles/CheckTypeSize/SIZEOF_SIZE_T.c"
Linking C executable cmTC_3535b
/usr/local/Cellar/cmake/3.22.3/bin/cmake -E cmake_link_script CMakeFiles/cmTC_3535b.dir/link.txt --verbose=1
/Library/Developer/CommandLineTools/usr/bin/cc  -isysroot /Library/Developer/CommandLineTools/SDKs/MacOSX11.1.sdk -Wl,-search_paths_first -Wl,-headerpad_max_install_names CMakeFiles/cmTC_3535b.dir/SIZEOF_SIZE_T.c.o -o cmTC_3535b  -lm 



Determining size of ssize_t passed with the following output:
Change Dir: /Users/rgriffith/Documents/Computer Networks/CSE30264-SP22-ComputerNetworks/project2/json-c-build/CMakeFiles/CMakeTmp

Run Build Command(s):/usr/bin/make -f Makefile cmTC_3bdcc/fast && /Library/Developer/CommandLineTools/usr/bin/make  -f CMakeFiles/cmTC_3bdcc.dir/build.make CMakeFiles/cmTC_3bdcc.dir/build
Building C object CMakeFiles/cmTC_3bdcc.dir/SIZEOF_SSIZE_T.c.o
/Library/Developer/CommandLineTools/usr/bin/cc -D_GNU_SOURCE  -isysroot /Library/Developer/CommandLineTools/SDKs/MacOSX11.1.sdk -fPIE -MD -MT CMakeFiles/cmTC_3bdcc.dir/SIZEOF_SSIZE_T.c.o -MF CMakeFiles/cmTC_3bdcc.dir/SIZEOF_SSIZE_T.c.o.d -o CMakeFiles/cmTC_3bdcc.dir/SIZEOF_SSIZE_T.c.o -c "/Users/rgriffith/Documents/Computer Networks/CSE30264-SP22-ComputerNetworks/project2/json-c-build/CMakeFiles/CheckTypeSize/SIZEOF_SSIZE_T.c"
Linking C executable cmTC_3bdcc
/usr/local/Cellar/cmake/3.22.3/bin/cmake -E cmake_link_script CMakeFiles/cmTC_3bdcc.dir/link.txt --verbose=1
/Library/Developer/CommandLineTools/usr/bin/cc  -isysroot /Library/Developer/CommandLineTools/SDKs/MacOSX11.1.sdk -Wl,-search_paths_first -Wl,-headerpad_max_install_names CMakeFiles/cmTC_3bdcc.dir/SIZEOF_SSIZE_T.c.o -o cmTC_3bdcc  -lm 



Performing C SOURCE FILE Test HAVE_ATOMIC_BUILTINS succeeded with the following output:
Change Dir: /Users/rgriffith/Documents/Computer Networks/CSE30264-SP22-ComputerNetworks/project2/json-c-build/CMakeFiles/CMakeTmp

Run Build Command(s):/usr/bin/make -f Makefile cmTC_d6d8d/fast && /Library/Developer/CommandLineTools/usr/bin/make  -f CMakeFiles/cmTC_d6d8d.dir/build.make CMakeFiles/cmTC_d6d8d.dir/build
Building C object CMakeFiles/cmTC_d6d8d.dir/src.c.o
/Library/Developer/CommandLineTools/usr/bin/cc -DHAVE_ATOMIC_BUILTINS -D_GNU_SOURCE  -isysroot /Library/Developer/CommandLineTools/SDKs/MacOSX11.1.sdk -fPIE -MD -MT CMakeFiles/cmTC_d6d8d.dir/src.c.o -MF CMakeFiles/cmTC_d6d8d.dir/src.c.o.d -o CMakeFiles/cmTC_d6d8d.dir/src.c.o -c "/Users/rgriffith/Documents/Computer Networks/CSE30264-SP22-ComputerNetworks/project2/json-c-build/CMakeFiles/CMakeTmp/src.c"
Linking C executable cmTC_d6d8d
/usr/local/Cellar/cmake/3.22.3/bin/cmake -E cmake_link_script CMakeFiles/cmTC_d6d8d.dir/link.txt --verbose=1
/Library/Developer/CommandLineTools/usr/bin/cc  -isysroot /Library/Developer/CommandLineTools/SDKs/MacOSX11.1.sdk -Wl,-search_paths_first -Wl,-headerpad_max_install_names CMakeFiles/cmTC_d6d8d.dir/src.c.o -o cmTC_d6d8d  -lm 


Source file was:
int main() { int i, x = 0; i = __sync_add_and_fetch(&x,1); return x; }
Performing C SOURCE FILE Test HAVE___THREAD succeeded with the following output:
Change Dir: /Users/rgriffith/Documents/Computer Networks/CSE30264-SP22-ComputerNetworks/project2/json-c-build/CMakeFiles/CMakeTmp

Run Build Command(s):/usr/bin/make -f Makefile cmTC_9702c/fast && /Library/Developer/CommandLineTools/usr/bin/make  -f CMakeFiles/cmTC_9702c.dir/build.make CMakeFiles/cmTC_9702c.dir/build
Building C object CMakeFiles/cmTC_9702c.dir/src.c.o
/Library/Developer/CommandLineTools/usr/bin/cc -DHAVE___THREAD -D_GNU_SOURCE  -isysroot /Library/Developer/CommandLineTools/SDKs/MacOSX11.1.sdk -fPIE -MD -MT CMakeFiles/cmTC_9702c.dir/src.c.o -MF CMakeFiles/cmTC_9702c.dir/src.c.o.d -o CMakeFiles/cmTC_9702c.dir/src.c.o -c "/Users/rgriffith/Documents/Computer Networks/CSE30264-SP22-ComputerNetworks/project2/json-c-build/CMakeFiles/CMakeTmp/src.c"
Linking C executable cmTC_9702c
/usr/local/Cellar/cmake/3.22.3/bin/cmake -E cmake_link_script CMakeFiles/cmTC_9702c.dir/link.txt --verbose=1
/Library/Developer/CommandLineTools/usr/bin/cc  -isysroot /Library/Developer/CommandLineTools/SDKs/MacOSX11.1.sdk -Wl,-search_paths_first -Wl,-headerpad_max_install_names CMakeFiles/cmTC_9702c.dir/src.c.o -o cmTC_9702c  -lm 


Source file was:
__thread int x = 0; int main() { return 0; }
Performing C SOURCE FILE Test REENTRANT_WORKS succeeded with the following output:
Change Dir: /Users/rgriffith/Documents/Computer Networks/CSE30264-SP22-ComputerNetworks/project2/json-c-build/CMakeFiles/CMakeTmp

Run Build Command(s):/usr/bin/make -f Makefile cmTC_3e862/fast && /Library/Developer/CommandLineTools/usr/bin/make  -f CMakeFiles/cmTC_3e862.dir/build.make CMakeFiles/cmTC_3e862.dir/build
Building C object CMakeFiles/cmTC_3e862.dir/src.c.o
/Library/Developer/CommandLineTools/usr/bin/cc -DREENTRANT_WORKS -D_GNU_SOURCE  -ffunction-sections -fdata-sections -Werror -Wall -Wcast-qual -Wno-error=deprecated-declarations -Wextra -Wwrite-strings -Wno-unused-parameter -Wstrict-prototypes  -isysroot /Library/Developer/CommandLineTools/SDKs/MacOSX11.1.sdk -fPIE -MD -MT CMakeFiles/cmTC_3e862.dir/src.c.o -MF CMakeFiles/cmTC_3e862.dir/src.c.o.d -o CMakeFiles/cmTC_3e862.dir/src.c.o -c "/Users/rgriffith/Documents/Computer Networks/CSE30264-SP22-ComputerNetworks/project2/json-c-build/CMakeFiles/CMakeTmp/src.c"
Linking C executable cmTC_3e862
/usr/local/Cellar/cmake/3.22.3/bin/cmake -E cmake_link_script CMakeFiles/cmTC_3e862.dir/link.txt --verbose=1
/Library/Developer/CommandLineTools/usr/bin/cc  -ffunction-sections -fdata-sections -Werror -Wall -Wcast-qual -Wno-error=deprecated-declarations -Wextra -Wwrite-strings -Wno-unused-parameter -Wstrict-prototypes  -isysroot /Library/Developer/CommandLineTools/SDKs/MacOSX11.1.sdk -Wl,-search_paths_first -Wl,-headerpad_max_install_names CMakeFiles/cmTC_3e862.dir/src.c.o -o cmTC_3e862  -lm 


Source file was:

	/* uClibc toolchains without threading barf when _REENTRANT is defined */
	#define _REENTRANT 1
	#include <sys/types.h>
	int main (void)
	{
	  return 0;
	}
	
